<?xml version="1.0" encoding="UTF-8"?>
<!-- Generated by org.testng.reporters.JUnitXMLReporter -->
<testsuite ignored="0" hostname="LAPTOP-IP00DK1I" failures="0" tests="8" name="Test" time="74.423" errors="0" timestamp="2025-04-02T23:28:46 IST">
  <testcase classname="test.TC_006BookingHotel" name="booking" time="3.451"/>
  <testcase classname="test.TC_006BookingHotel" name="booking" time="4.066"/>
  <testcase classname="test.TC_006BookingHotel" name="booking" time="3.617"/>
  <testcase classname="test.TC_006BookingHotel" name="booking" time="3.987"/>
  <testcase classname="test.TC_006BookingHotel" name="booking" time="4.368"/>
  <testcase classname="test.TC_006BookingHotel" name="booking" time="4.966"/>
  <testcase classname="test.TC_006BookingHotel" name="booking" time="8.636"/>
  <testcase classname="test.TC_006BookingHotel" name="booking" time="11.967"/>
</testsuite> <!-- Test -->
