<?xml version="1.0" encoding="UTF-8"?>
<!-- Generated by org.testng.reporters.JUnitXMLReporter -->
<testsuite ignored="0" hostname="LAPTOP-IP00DK1I" failures="0" tests="9" name="Test" time="50.526" errors="0" timestamp="2025-04-02T23:27:31 IST">
  <testcase classname="test.TC_005SearchHotel" name="SeachHotelTest" time="2.169"/>
  <testcase classname="test.TC_005SearchHotel" name="SeachHotelTest" time="1.873"/>
  <testcase classname="test.TC_005SearchHotel" name="SeachHotelTest" time="1.711"/>
  <testcase classname="test.TC_005SearchHotel" name="SeachHotelTest" time="1.852"/>
  <testcase classname="test.TC_005SearchHotel" name="SeachHotelTest" time="2.013"/>
  <testcase classname="test.TC_005SearchHotel" name="SeachHotelTest" time="2.13"/>
  <testcase classname="test.TC_005SearchHotel" name="SeachHotelTest" time="1.934"/>
  <testcase classname="test.TC_005SearchHotel" name="SeachHotelTest" time="2.38"/>
  <testcase classname="test.TC_005SearchHotel" name="SeachHotelTest" time="1.814"/>
</testsuite> <!-- Test -->
