<?xml version="1.0" encoding="UTF-8"?>
<!-- Generated by org.testng.reporters.JUnitXMLReporter -->
<testsuite ignored="0" hostname="LAPTOP-IP00DK1I" failures="0" tests="6" name="Test" time="29.117" errors="0" timestamp="2025-04-02T23:23:30 IST">
  <testcase classname="test.TC_003Login" name="userRegistration" time="2.579"/>
  <testcase classname="test.TC_003Login" name="userRegistration" time="0.502"/>
  <testcase classname="test.TC_003Login" name="userRegistration" time="0.363"/>
  <testcase classname="test.TC_003Login" name="userRegistration" time="0.714"/>
  <testcase classname="test.TC_003Login" name="userRegistration" time="0.273"/>
  <testcase classname="test.TC_003Login" name="userRegistration" time="0.634"/>
</testsuite> <!-- Test -->
