<?xml version="1.0" encoding="UTF-8"?>
<!-- Generated by org.testng.reporters.JUnitXMLReporter -->
<testsuite ignored="0" hostname="LAPTOP-IP00DK1I" failures="0" tests="6" name="Test" time="24.9" errors="0" timestamp="2025-04-02T22:51:54 IST">
  <testcase classname="test.TC_003Login" name="userRegistration" time="1.53"/>
  <testcase classname="test.TC_003Login" name="userRegistration" time="0.497"/>
  <testcase classname="test.TC_003Login" name="userRegistration" time="0.291"/>
  <testcase classname="test.TC_003Login" name="userRegistration" time="0.53"/>
  <testcase classname="test.TC_003Login" name="userRegistration" time="0.317"/>
  <testcase classname="test.TC_003Login" name="userRegistration" time="0.699"/>
</testsuite> <!-- Test -->
