<?xml version="1.0" encoding="UTF-8"?>
<testng-results ignored="0" total="6" passed="6" failed="0" skipped="0">
  <reporter-output>
  </reporter-output>
  <suite started-at="2025-04-02T22:51:28 IST" name="Suite" finished-at="2025-04-02T22:51:53 IST" duration-ms="24900">
    <groups>
    </groups>
    <test started-at="2025-04-02T22:51:28 IST" name="Test" finished-at="2025-04-02T22:51:53 IST" duration-ms="24900">
      <class name="test.TC_003Login">
        <test-method is-config="true" signature="reportIniatialization()[pri:0, instance:test.TC_003Login@3349e9bb]" started-at="2025-04-02T22:51:28 IST" name="reportIniatialization" finished-at="2025-04-02T22:51:28 IST" duration-ms="208" status="PASS">
          <reporter-output>
          </reporter-output>
        </test-method> <!-- reportIniatialization -->
        <test-method is-config="true" signature="setup()[pri:0, instance:test.TC_003Login@3349e9bb]" started-at="2025-04-02T22:51:28 IST" name="setup" finished-at="2025-04-02T22:51:28 IST" duration-ms="1" status="PASS">
          <reporter-output>
          </reporter-output>
        </test-method> <!-- setup -->
        <test-method is-config="true" signature="testDetails()[pri:0, instance:test.TC_003Login@3349e9bb]" started-at="2025-04-02T22:51:28 IST" name="testDetails" finished-at="2025-04-02T22:51:28 IST" duration-ms="7" status="PASS">
          <reporter-output>
          </reporter-output>
        </test-method> <!-- testDetails -->
        <test-method is-config="true" signature="launchingbrowserandloadingURL(java.lang.String,java.lang.String)[pri:0, instance:test.TC_003Login@3349e9bb]" started-at="2025-04-02T22:51:29 IST" name="launchingbrowserandloadingURL" finished-at="2025-04-02T22:51:33 IST" duration-ms="3697" status="PASS">
          <params>
            <param index="0">
              <value>
                <![CDATA[https://adactinhotelapp.com/]]>
              </value>
            </param>
            <param index="1">
              <value>
                <![CDATA[Chrome]]>
              </value>
            </param>
          </params>
          <reporter-output>
          </reporter-output>
        </test-method> <!-- launchingbrowserandloadingURL -->
        <test-method signature="userRegistration(java.lang.String,java.lang.String,java.lang.String,java.lang.String)[pri:0, instance:test.TC_003Login@3349e9bb]" started-at="2025-04-02T22:51:33 IST" name="userRegistration" data-provider="readdata" finished-at="2025-04-02T22:51:34 IST" duration-ms="1530" status="PASS">
          <params>
            <param index="0">
              <value>
                <![CDATA[vihansankar]]>
              </value>
            </param>
            <param index="1">
              <value>
                <![CDATA[vihan123]]>
              </value>
            </param>
            <param index="2">
              <value>
                <![CDATA[valid name valid password]]>
              </value>
            </param>
            <param index="3">
              <value>
                <![CDATA[Welcome to Adactin Group of Hotels]]>
              </value>
            </param>
          </params>
          <reporter-output>
          </reporter-output>
        </test-method> <!-- userRegistration -->
        <test-method is-config="true" signature="launchingbrowserandloadingURL(java.lang.String,java.lang.String)[pri:0, instance:test.TC_003Login@3349e9bb]" started-at="2025-04-02T22:51:34 IST" name="launchingbrowserandloadingURL" finished-at="2025-04-02T22:51:38 IST" duration-ms="3529" status="PASS">
          <params>
            <param index="0">
              <value>
                <![CDATA[https://adactinhotelapp.com/]]>
              </value>
            </param>
            <param index="1">
              <value>
                <![CDATA[Chrome]]>
              </value>
            </param>
          </params>
          <reporter-output>
          </reporter-output>
        </test-method> <!-- launchingbrowserandloadingURL -->
        <test-method signature="userRegistration(java.lang.String,java.lang.String,java.lang.String,java.lang.String)[pri:0, instance:test.TC_003Login@3349e9bb]" started-at="2025-04-02T22:51:38 IST" name="userRegistration" data-provider="readdata" finished-at="2025-04-02T22:51:39 IST" duration-ms="497" status="PASS">
          <params>
            <param index="0">
              <value>
                <![CDATA[]]>
              </value>
            </param>
            <param index="1">
              <value>
                <![CDATA[vihan123]]>
              </value>
            </param>
            <param index="2">
              <value>
                <![CDATA[empty name field and valid password]]>
              </value>
            </param>
            <param index="3">
              <value>
                <![CDATA[Enter Username]]>
              </value>
            </param>
          </params>
          <reporter-output>
          </reporter-output>
        </test-method> <!-- userRegistration -->
        <test-method is-config="true" signature="launchingbrowserandloadingURL(java.lang.String,java.lang.String)[pri:0, instance:test.TC_003Login@3349e9bb]" started-at="2025-04-02T22:51:39 IST" name="launchingbrowserandloadingURL" finished-at="2025-04-02T22:51:42 IST" duration-ms="2935" status="PASS">
          <params>
            <param index="0">
              <value>
                <![CDATA[https://adactinhotelapp.com/]]>
              </value>
            </param>
            <param index="1">
              <value>
                <![CDATA[Chrome]]>
              </value>
            </param>
          </params>
          <reporter-output>
          </reporter-output>
        </test-method> <!-- launchingbrowserandloadingURL -->
        <test-method signature="userRegistration(java.lang.String,java.lang.String,java.lang.String,java.lang.String)[pri:0, instance:test.TC_003Login@3349e9bb]" started-at="2025-04-02T22:51:42 IST" name="userRegistration" data-provider="readdata" finished-at="2025-04-02T22:51:42 IST" duration-ms="291" status="PASS">
          <params>
            <param index="0">
              <value>
                <![CDATA[vihansankar]]>
              </value>
            </param>
            <param index="1">
              <value>
                <![CDATA[]]>
              </value>
            </param>
            <param index="2">
              <value>
                <![CDATA[valid name  empty password field]]>
              </value>
            </param>
            <param index="3">
              <value>
                <![CDATA[Enter Password]]>
              </value>
            </param>
          </params>
          <reporter-output>
          </reporter-output>
        </test-method> <!-- userRegistration -->
        <test-method is-config="true" signature="launchingbrowserandloadingURL(java.lang.String,java.lang.String)[pri:0, instance:test.TC_003Login@3349e9bb]" started-at="2025-04-02T22:51:42 IST" name="launchingbrowserandloadingURL" finished-at="2025-04-02T22:51:45 IST" duration-ms="2847" status="PASS">
          <params>
            <param index="0">
              <value>
                <![CDATA[https://adactinhotelapp.com/]]>
              </value>
            </param>
            <param index="1">
              <value>
                <![CDATA[Chrome]]>
              </value>
            </param>
          </params>
          <reporter-output>
          </reporter-output>
        </test-method> <!-- launchingbrowserandloadingURL -->
        <test-method signature="userRegistration(java.lang.String,java.lang.String,java.lang.String,java.lang.String)[pri:0, instance:test.TC_003Login@3349e9bb]" started-at="2025-04-02T22:51:45 IST" name="userRegistration" data-provider="readdata" finished-at="2025-04-02T22:51:46 IST" duration-ms="530" status="PASS">
          <params>
            <param index="0">
              <value>
                <![CDATA[gukeshvar]]>
              </value>
            </param>
            <param index="1">
              <value>
                <![CDATA[gukesh]]>
              </value>
            </param>
            <param index="2">
              <value>
                <![CDATA[invalid user name]]>
              </value>
            </param>
            <param index="3">
              <value>
                <![CDATA[Invalid Login details or Your Password might have expired. Click here to reset your password]]>
              </value>
            </param>
          </params>
          <reporter-output>
          </reporter-output>
        </test-method> <!-- userRegistration -->
        <test-method is-config="true" signature="launchingbrowserandloadingURL(java.lang.String,java.lang.String)[pri:0, instance:test.TC_003Login@3349e9bb]" started-at="2025-04-02T22:51:46 IST" name="launchingbrowserandloadingURL" finished-at="2025-04-02T22:51:49 IST" duration-ms="3100" status="PASS">
          <params>
            <param index="0">
              <value>
                <![CDATA[https://adactinhotelapp.com/]]>
              </value>
            </param>
            <param index="1">
              <value>
                <![CDATA[Chrome]]>
              </value>
            </param>
          </params>
          <reporter-output>
          </reporter-output>
        </test-method> <!-- launchingbrowserandloadingURL -->
        <test-method signature="userRegistration(java.lang.String,java.lang.String,java.lang.String,java.lang.String)[pri:0, instance:test.TC_003Login@3349e9bb]" started-at="2025-04-02T22:51:49 IST" name="userRegistration" data-provider="readdata" finished-at="2025-04-02T22:51:49 IST" duration-ms="317" status="PASS">
          <params>
            <param index="0">
              <value>
                <![CDATA[]]>
              </value>
            </param>
            <param index="1">
              <value>
                <![CDATA[]]>
              </value>
            </param>
            <param index="2">
              <value>
                <![CDATA[empty user and empty password field]]>
              </value>
            </param>
            <param index="3">
              <value>
                <![CDATA[Enter Username]]>
              </value>
            </param>
          </params>
          <reporter-output>
          </reporter-output>
        </test-method> <!-- userRegistration -->
        <test-method is-config="true" signature="launchingbrowserandloadingURL(java.lang.String,java.lang.String)[pri:0, instance:test.TC_003Login@3349e9bb]" started-at="2025-04-02T22:51:49 IST" name="launchingbrowserandloadingURL" finished-at="2025-04-02T22:51:52 IST" duration-ms="2593" status="PASS">
          <params>
            <param index="0">
              <value>
                <![CDATA[https://adactinhotelapp.com/]]>
              </value>
            </param>
            <param index="1">
              <value>
                <![CDATA[Chrome]]>
              </value>
            </param>
          </params>
          <reporter-output>
          </reporter-output>
        </test-method> <!-- launchingbrowserandloadingURL -->
        <test-method signature="userRegistration(java.lang.String,java.lang.String,java.lang.String,java.lang.String)[pri:0, instance:test.TC_003Login@3349e9bb]" started-at="2025-04-02T22:51:52 IST" name="userRegistration" data-provider="readdata" finished-at="2025-04-02T22:51:53 IST" duration-ms="699" status="PASS">
          <params>
            <param index="0">
              <value>
                <![CDATA[vihansankar]]>
              </value>
            </param>
            <param index="1">
              <value>
                <![CDATA[viha]]>
              </value>
            </param>
            <param index="2">
              <value>
                <![CDATA[valid name invalid password]]>
              </value>
            </param>
            <param index="3">
              <value>
                <![CDATA[Invalid Login details or Your Password might have expired. Click here to reset your password]]>
              </value>
            </param>
          </params>
          <reporter-output>
          </reporter-output>
        </test-method> <!-- userRegistration -->
        <test-method is-config="true" signature="reportClose()[pri:0, instance:test.TC_003Login@3349e9bb]" started-at="2025-04-02T22:51:55 IST" name="reportClose" finished-at="2025-04-02T22:51:56 IST" duration-ms="635" status="PASS">
          <reporter-output>
          </reporter-output>
        </test-method> <!-- reportClose -->
      </class> <!-- test.TC_003Login -->
    </test> <!-- Test -->
  </suite> <!-- Suite -->
</testng-results>
