<?xml version="1.0" encoding="UTF-8"?>
<testng-results ignored="0" total="39" passed="36" failed="3" skipped="0">
  <reporter-output>
  </reporter-output>
  <suite started-at="2025-04-02T23:23:01 IST" name="Suite" finished-at="2025-04-02T23:23:30 IST" duration-ms="29117">
    <groups>
    </groups>
    <test started-at="2025-04-02T23:23:01 IST" name="Test" finished-at="2025-04-02T23:23:30 IST" duration-ms="29117">
      <class name="test.TC_003Login">
        <test-method is-config="true" signature="reportIniatialization()[pri:0, instance:test.TC_003Login@799f10e1]" started-at="2025-04-02T23:23:01 IST" name="reportIniatialization" finished-at="2025-04-02T23:23:01 IST" duration-ms="179" status="PASS">
          <reporter-output>
          </reporter-output>
        </test-method> <!-- reportIniatialization -->
        <test-method is-config="true" signature="setup()[pri:0, instance:test.TC_003Login@799f10e1]" started-at="2025-04-02T23:23:01 IST" name="setup" finished-at="2025-04-02T23:23:01 IST" duration-ms="1" status="PASS">
          <reporter-output>
          </reporter-output>
        </test-method> <!-- setup -->
        <test-method is-config="true" signature="testDetails()[pri:0, instance:test.TC_003Login@799f10e1]" started-at="2025-04-02T23:23:01 IST" name="testDetails" finished-at="2025-04-02T23:23:01 IST" duration-ms="6" status="PASS">
          <reporter-output>
          </reporter-output>
        </test-method> <!-- testDetails -->
        <test-method is-config="true" signature="launchingbrowserandloadingURL(java.lang.String,java.lang.String)[pri:0, instance:test.TC_003Login@799f10e1]" started-at="2025-04-02T23:23:02 IST" name="launchingbrowserandloadingURL" finished-at="2025-04-02T23:23:06 IST" duration-ms="4178" status="PASS">
          <params>
            <param index="0">
              <value>
                <![CDATA[https://adactinhotelapp.com/]]>
              </value>
            </param>
            <param index="1">
              <value>
                <![CDATA[Chrome]]>
              </value>
            </param>
          </params>
          <reporter-output>
          </reporter-output>
        </test-method> <!-- launchingbrowserandloadingURL -->
        <test-method signature="userRegistration(java.lang.String,java.lang.String,java.lang.String,java.lang.String)[pri:0, instance:test.TC_003Login@799f10e1]" started-at="2025-04-02T23:23:06 IST" name="userRegistration" data-provider="readdata" finished-at="2025-04-02T23:23:09 IST" duration-ms="2579" status="PASS">
          <params>
            <param index="0">
              <value>
                <![CDATA[vihansankar]]>
              </value>
            </param>
            <param index="1">
              <value>
                <![CDATA[vihan123]]>
              </value>
            </param>
            <param index="2">
              <value>
                <![CDATA[valid name valid password]]>
              </value>
            </param>
            <param index="3">
              <value>
                <![CDATA[Welcome to Adactin Group of Hotels]]>
              </value>
            </param>
          </params>
          <reporter-output>
          </reporter-output>
        </test-method> <!-- userRegistration -->
        <test-method is-config="true" signature="launchingbrowserandloadingURL(java.lang.String,java.lang.String)[pri:0, instance:test.TC_003Login@799f10e1]" started-at="2025-04-02T23:23:09 IST" name="launchingbrowserandloadingURL" finished-at="2025-04-02T23:23:13 IST" duration-ms="4406" status="PASS">
          <params>
            <param index="0">
              <value>
                <![CDATA[https://adactinhotelapp.com/]]>
              </value>
            </param>
            <param index="1">
              <value>
                <![CDATA[Chrome]]>
              </value>
            </param>
          </params>
          <reporter-output>
          </reporter-output>
        </test-method> <!-- launchingbrowserandloadingURL -->
        <test-method signature="userRegistration(java.lang.String,java.lang.String,java.lang.String,java.lang.String)[pri:0, instance:test.TC_003Login@799f10e1]" started-at="2025-04-02T23:23:13 IST" name="userRegistration" data-provider="readdata" finished-at="2025-04-02T23:23:14 IST" duration-ms="502" status="PASS">
          <params>
            <param index="0">
              <value>
                <![CDATA[]]>
              </value>
            </param>
            <param index="1">
              <value>
                <![CDATA[vihan123]]>
              </value>
            </param>
            <param index="2">
              <value>
                <![CDATA[empty name field and valid password]]>
              </value>
            </param>
            <param index="3">
              <value>
                <![CDATA[Enter Username]]>
              </value>
            </param>
          </params>
          <reporter-output>
          </reporter-output>
        </test-method> <!-- userRegistration -->
        <test-method is-config="true" signature="launchingbrowserandloadingURL(java.lang.String,java.lang.String)[pri:0, instance:test.TC_003Login@799f10e1]" started-at="2025-04-02T23:23:14 IST" name="launchingbrowserandloadingURL" finished-at="2025-04-02T23:23:17 IST" duration-ms="3209" status="PASS">
          <params>
            <param index="0">
              <value>
                <![CDATA[https://adactinhotelapp.com/]]>
              </value>
            </param>
            <param index="1">
              <value>
                <![CDATA[Chrome]]>
              </value>
            </param>
          </params>
          <reporter-output>
          </reporter-output>
        </test-method> <!-- launchingbrowserandloadingURL -->
        <test-method signature="userRegistration(java.lang.String,java.lang.String,java.lang.String,java.lang.String)[pri:0, instance:test.TC_003Login@799f10e1]" started-at="2025-04-02T23:23:17 IST" name="userRegistration" data-provider="readdata" finished-at="2025-04-02T23:23:18 IST" duration-ms="363" status="PASS">
          <params>
            <param index="0">
              <value>
                <![CDATA[vihansankar]]>
              </value>
            </param>
            <param index="1">
              <value>
                <![CDATA[]]>
              </value>
            </param>
            <param index="2">
              <value>
                <![CDATA[valid name  empty password field]]>
              </value>
            </param>
            <param index="3">
              <value>
                <![CDATA[Enter Password]]>
              </value>
            </param>
          </params>
          <reporter-output>
          </reporter-output>
        </test-method> <!-- userRegistration -->
        <test-method is-config="true" signature="launchingbrowserandloadingURL(java.lang.String,java.lang.String)[pri:0, instance:test.TC_003Login@799f10e1]" started-at="2025-04-02T23:23:18 IST" name="launchingbrowserandloadingURL" finished-at="2025-04-02T23:23:22 IST" duration-ms="3889" status="PASS">
          <params>
            <param index="0">
              <value>
                <![CDATA[https://adactinhotelapp.com/]]>
              </value>
            </param>
            <param index="1">
              <value>
                <![CDATA[Chrome]]>
              </value>
            </param>
          </params>
          <reporter-output>
          </reporter-output>
        </test-method> <!-- launchingbrowserandloadingURL -->
        <test-method signature="userRegistration(java.lang.String,java.lang.String,java.lang.String,java.lang.String)[pri:0, instance:test.TC_003Login@799f10e1]" started-at="2025-04-02T23:23:22 IST" name="userRegistration" data-provider="readdata" finished-at="2025-04-02T23:23:22 IST" duration-ms="714" status="PASS">
          <params>
            <param index="0">
              <value>
                <![CDATA[gukeshvar]]>
              </value>
            </param>
            <param index="1">
              <value>
                <![CDATA[gukesh]]>
              </value>
            </param>
            <param index="2">
              <value>
                <![CDATA[invalid user name]]>
              </value>
            </param>
            <param index="3">
              <value>
                <![CDATA[Invalid Login details or Your Password might have expired. Click here to reset your password]]>
              </value>
            </param>
          </params>
          <reporter-output>
          </reporter-output>
        </test-method> <!-- userRegistration -->
        <test-method is-config="true" signature="launchingbrowserandloadingURL(java.lang.String,java.lang.String)[pri:0, instance:test.TC_003Login@799f10e1]" started-at="2025-04-02T23:23:23 IST" name="launchingbrowserandloadingURL" finished-at="2025-04-02T23:23:26 IST" duration-ms="3092" status="PASS">
          <params>
            <param index="0">
              <value>
                <![CDATA[https://adactinhotelapp.com/]]>
              </value>
            </param>
            <param index="1">
              <value>
                <![CDATA[Chrome]]>
              </value>
            </param>
          </params>
          <reporter-output>
          </reporter-output>
        </test-method> <!-- launchingbrowserandloadingURL -->
        <test-method signature="userRegistration(java.lang.String,java.lang.String,java.lang.String,java.lang.String)[pri:0, instance:test.TC_003Login@799f10e1]" started-at="2025-04-02T23:23:26 IST" name="userRegistration" data-provider="readdata" finished-at="2025-04-02T23:23:26 IST" duration-ms="273" status="PASS">
          <params>
            <param index="0">
              <value>
                <![CDATA[]]>
              </value>
            </param>
            <param index="1">
              <value>
                <![CDATA[]]>
              </value>
            </param>
            <param index="2">
              <value>
                <![CDATA[empty user and empty password field]]>
              </value>
            </param>
            <param index="3">
              <value>
                <![CDATA[Enter Username]]>
              </value>
            </param>
          </params>
          <reporter-output>
          </reporter-output>
        </test-method> <!-- userRegistration -->
        <test-method is-config="true" signature="launchingbrowserandloadingURL(java.lang.String,java.lang.String)[pri:0, instance:test.TC_003Login@799f10e1]" started-at="2025-04-02T23:23:26 IST" name="launchingbrowserandloadingURL" finished-at="2025-04-02T23:23:29 IST" duration-ms="3191" status="PASS">
          <params>
            <param index="0">
              <value>
                <![CDATA[https://adactinhotelapp.com/]]>
              </value>
            </param>
            <param index="1">
              <value>
                <![CDATA[Chrome]]>
              </value>
            </param>
          </params>
          <reporter-output>
          </reporter-output>
        </test-method> <!-- launchingbrowserandloadingURL -->
        <test-method signature="userRegistration(java.lang.String,java.lang.String,java.lang.String,java.lang.String)[pri:0, instance:test.TC_003Login@799f10e1]" started-at="2025-04-02T23:23:29 IST" name="userRegistration" data-provider="readdata" finished-at="2025-04-02T23:23:30 IST" duration-ms="634" status="PASS">
          <params>
            <param index="0">
              <value>
                <![CDATA[vihansankar]]>
              </value>
            </param>
            <param index="1">
              <value>
                <![CDATA[viha]]>
              </value>
            </param>
            <param index="2">
              <value>
                <![CDATA[valid name invalid password]]>
              </value>
            </param>
            <param index="3">
              <value>
                <![CDATA[Invalid Login details or Your Password might have expired. Click here to reset your password]]>
              </value>
            </param>
          </params>
          <reporter-output>
          </reporter-output>
        </test-method> <!-- userRegistration -->
        <test-method is-config="true" signature="reportClose()[pri:0, instance:test.TC_003Login@799f10e1]" started-at="2025-04-02T23:23:30 IST" name="reportClose" finished-at="2025-04-02T23:23:31 IST" duration-ms="514" status="PASS">
          <reporter-output>
          </reporter-output>
        </test-method> <!-- reportClose -->
      </class> <!-- test.TC_003Login -->
    </test> <!-- Test -->
  </suite> <!-- Suite -->
  <suite started-at="2025-04-02T23:23:36 IST" name="Suite (1)" finished-at="2025-04-02T23:26:41 IST" duration-ms="184485">
    <groups>
    </groups>
    <test started-at="2025-04-02T23:23:36 IST" name="Test" finished-at="2025-04-02T23:26:41 IST" duration-ms="184485">
      <class name="test.TC_001Resgistration">
        <test-method is-config="true" signature="reportIniatialization()[pri:0, instance:test.TC_001Resgistration@28701274]" started-at="2025-04-02T23:23:36 IST" name="reportIniatialization" finished-at="2025-04-02T23:23:36 IST" duration-ms="2" status="PASS">
          <reporter-output>
          </reporter-output>
        </test-method> <!-- reportIniatialization -->
        <test-method is-config="true" signature="setup()[pri:0, instance:test.TC_001Resgistration@28701274]" started-at="2025-04-02T23:23:36 IST" name="setup" finished-at="2025-04-02T23:23:36 IST" duration-ms="0" status="PASS">
          <reporter-output>
          </reporter-output>
        </test-method> <!-- setup -->
        <test-method is-config="true" signature="testDetails()[pri:0, instance:test.TC_001Resgistration@28701274]" started-at="2025-04-02T23:23:36 IST" name="testDetails" finished-at="2025-04-02T23:23:36 IST" duration-ms="0" status="PASS">
          <reporter-output>
          </reporter-output>
        </test-method> <!-- testDetails -->
        <test-method is-config="true" signature="launchingbrowserandloadingURL(java.lang.String,java.lang.String)[pri:0, instance:test.TC_001Resgistration@28701274]" started-at="2025-04-02T23:23:36 IST" name="launchingbrowserandloadingURL" finished-at="2025-04-02T23:23:40 IST" duration-ms="3667" status="PASS">
          <params>
            <param index="0">
              <value>
                <![CDATA[https://adactinhotelapp.com/]]>
              </value>
            </param>
            <param index="1">
              <value>
                <![CDATA[Chrome]]>
              </value>
            </param>
          </params>
          <reporter-output>
          </reporter-output>
        </test-method> <!-- launchingbrowserandloadingURL -->
        <test-method signature="userRegistration(java.lang.String,java.lang.String,java.lang.String,java.lang.String,java.lang.String,java.lang.String,java.lang.String)[pri:0, instance:test.TC_001Resgistration@28701274]" started-at="2025-04-02T23:23:40 IST" name="userRegistration" data-provider="readdata" finished-at="2025-04-02T23:24:04 IST" duration-ms="23532" status="FAIL">
          <params>
            <param index="0">
              <value>
                <![CDATA[Jeyasriankuna]]>
              </value>
            </param>
            <param index="1">
              <value>
                <![CDATA[jeyasri123]]>
              </value>
            </param>
            <param index="2">
              <value>
                <![CDATA[jeyasri123]]>
              </value>
            </param>
            <param index="3">
              <value>
                <![CDATA[Jeyasri]]>
              </value>
            </param>
            <param index="4">
              <value>
                <![CDATA[sri.jeyakl@kmail.com]]>
              </value>
            </param>
            <param index="5">
              <value>
                <![CDATA[positive]]>
              </value>
            </param>
            <param index="6">
              <value>
                <![CDATA[Click here to login]]>
              </value>
            </param>
          </params>
          <exception class="org.openqa.selenium.NoSuchElementException">
            <message>
              <![CDATA[no such element: Unable to locate element: {"method":"link text","selector":"Click here to login"}
  (Session info: chrome=134.0.6998.179)
For documentation on this error, please visit: https://www.selenium.dev/documentation/webdriver/troubleshooting/errors#no-such-element-exception
Build info: version: '4.28.0', revision: 'ac342546e9'
System info: os.name: 'Windows 11', os.arch: 'amd64', os.version: '10.0', java.version: '21.0.5'
Driver info: org.openqa.selenium.chrome.ChromeDriver
Command: [d5eddb5f0862a4de1c2c19ac4fcfc383, findElement {using=link text, value=Click here to login}]
Capabilities {acceptInsecureCerts: false, browserName: chrome, browserVersion: 134.0.6998.179, chrome: {chromedriverVersion: 134.0.6998.165 (fd886e2cb29..., userDataDir: C:\Users\srije\AppData\Loca...}, fedcm:accounts: true, goog:chromeOptions: {debuggerAddress: localhost:64562}, networkConnectionEnabled: false, pageLoadStrategy: normal, platformName: windows, proxy: Proxy(), se:cdp: ws://localhost:64562/devtoo..., se:cdpVersion: 134.0.6998.179, setWindowRect: true, strictFileInteractability: false, timeouts: {implicit: 0, pageLoad: 300000, script: 30000}, unhandledPromptBehavior: dismiss and notify, webauthn:extension:credBlob: true, webauthn:extension:largeBlob: true, webauthn:extension:minPinLength: true, webauthn:extension:prf: true, webauthn:virtualAuthenticators: true}
Session ID: d5eddb5f0862a4de1c2c19ac4fcfc383]]>
            </message>
            <full-stacktrace>
              <![CDATA[org.openqa.selenium.NoSuchElementException: no such element: Unable to locate element: {"method":"link text","selector":"Click here to login"}
  (Session info: chrome=134.0.6998.179)
For documentation on this error, please visit: https://www.selenium.dev/documentation/webdriver/troubleshooting/errors#no-such-element-exception
Build info: version: '4.28.0', revision: 'ac342546e9'
System info: os.name: 'Windows 11', os.arch: 'amd64', os.version: '10.0', java.version: '21.0.5'
Driver info: org.openqa.selenium.chrome.ChromeDriver
Command: [d5eddb5f0862a4de1c2c19ac4fcfc383, findElement {using=link text, value=Click here to login}]
Capabilities {acceptInsecureCerts: false, browserName: chrome, browserVersion: 134.0.6998.179, chrome: {chromedriverVersion: 134.0.6998.165 (fd886e2cb29..., userDataDir: C:\Users\srije\AppData\Loca...}, fedcm:accounts: true, goog:chromeOptions: {debuggerAddress: localhost:64562}, networkConnectionEnabled: false, pageLoadStrategy: normal, platformName: windows, proxy: Proxy(), se:cdp: ws://localhost:64562/devtoo..., se:cdpVersion: 134.0.6998.179, setWindowRect: true, strictFileInteractability: false, timeouts: {implicit: 0, pageLoad: 300000, script: 30000}, unhandledPromptBehavior: dismiss and notify, webauthn:extension:credBlob: true, webauthn:extension:largeBlob: true, webauthn:extension:minPinLength: true, webauthn:extension:prf: true, webauthn:virtualAuthenticators: true}
Session ID: d5eddb5f0862a4de1c2c19ac4fcfc383
at java.base/jdk.internal.reflect.DirectConstructorHandleAccessor.newInstance(DirectConstructorHandleAccessor.java:62)
at java.base/java.lang.reflect.Constructor.newInstanceWithCaller(Constructor.java:502)
at java.base/java.lang.reflect.Constructor.newInstance(Constructor.java:486)
at org.openqa.selenium.remote.ErrorCodec.decode(ErrorCodec.java:167)
at org.openqa.selenium.remote.codec.w3c.W3CHttpResponseCodec.decode(W3CHttpResponseCodec.java:138)
at org.openqa.selenium.remote.codec.w3c.W3CHttpResponseCodec.decode(W3CHttpResponseCodec.java:50)
at org.openqa.selenium.remote.HttpCommandExecutor.execute(HttpCommandExecutor.java:215)
at org.openqa.selenium.remote.service.DriverCommandExecutor.invokeExecute(DriverCommandExecutor.java:216)
at org.openqa.selenium.remote.service.DriverCommandExecutor.execute(DriverCommandExecutor.java:174)
at org.openqa.selenium.remote.RemoteWebDriver.execute(RemoteWebDriver.java:545)
at org.openqa.selenium.remote.ElementLocation$ElementFinder$2.findElement(ElementLocation.java:165)
at org.openqa.selenium.remote.ElementLocation.findElement(ElementLocation.java:59)
at org.openqa.selenium.remote.RemoteWebDriver.findElement(RemoteWebDriver.java:368)
at org.openqa.selenium.remote.RemoteWebDriver.findElement(RemoteWebDriver.java:362)
at org.openqa.selenium.support.pagefactory.DefaultElementLocator.findElement(DefaultElementLocator.java:68)
at org.openqa.selenium.support.pagefactory.internal.LocatingElementHandler.invoke(LocatingElementHandler.java:38)
at jdk.proxy2/jdk.proxy2.$Proxy16.isDisplayed(Unknown Source)
at org.openqa.selenium.support.ui.ExpectedConditions.elementIfVisible(ExpectedConditions.java:304)
at org.openqa.selenium.support.ui.ExpectedConditions$10.apply(ExpectedConditions.java:290)
at org.openqa.selenium.support.ui.ExpectedConditions$10.apply(ExpectedConditions.java:287)
at org.openqa.selenium.support.ui.FluentWait.until(FluentWait.java:203)
at utils.Handling.fluentWait(Handling.java:42)
at page.ValidateRegister.validateRegister(ValidateRegister.java:50)
at test.TC_001Resgistration.userRegistration(TC_001Resgistration.java:32)
at java.base/jdk.internal.reflect.DirectMethodHandleAccessor.invoke(DirectMethodHandleAccessor.java:103)
at java.base/java.lang.reflect.Method.invoke(Method.java:580)
at org.testng.internal.invokers.MethodInvocationHelper.invokeMethod(MethodInvocationHelper.java:139)
at org.testng.internal.invokers.TestInvoker.invokeMethod(TestInvoker.java:664)
at org.testng.internal.invokers.TestInvoker.invokeTestMethod(TestInvoker.java:227)
at org.testng.internal.invokers.MethodRunner.runInSequence(MethodRunner.java:50)
at org.testng.internal.invokers.TestInvoker$MethodInvocationAgent.invoke(TestInvoker.java:957)
at org.testng.internal.invokers.TestInvoker.invokeTestMethods(TestInvoker.java:200)
at org.testng.internal.invokers.TestMethodWorker.invokeTestMethods(TestMethodWorker.java:148)
at org.testng.internal.invokers.TestMethodWorker.run(TestMethodWorker.java:128)
at java.base/java.util.ArrayList.forEach(ArrayList.java:1596)
at org.testng.TestRunner.privateRun(TestRunner.java:848)
at org.testng.TestRunner.run(TestRunner.java:621)
at org.testng.SuiteRunner.runTest(SuiteRunner.java:443)
at org.testng.SuiteRunner.runSequentially(SuiteRunner.java:437)
at org.testng.SuiteRunner.privateRun(SuiteRunner.java:397)
at org.testng.SuiteRunner.run(SuiteRunner.java:336)
at org.testng.SuiteRunnerWorker.runSuite(SuiteRunnerWorker.java:52)
at org.testng.SuiteRunnerWorker.run(SuiteRunnerWorker.java:95)
at org.testng.TestNG.runSuitesSequentially(TestNG.java:1280)
at org.testng.TestNG.runSuitesLocally(TestNG.java:1200)
at org.testng.TestNG.runSuites(TestNG.java:1114)
at org.testng.TestNG.run(TestNG.java:1082)
at org.apache.maven.surefire.testng.TestNGExecutor.run(TestNGExecutor.java:308)
at org.apache.maven.surefire.testng.TestNGXmlTestSuite.execute(TestNGXmlTestSuite.java:71)
at org.apache.maven.surefire.testng.TestNGProvider.invoke(TestNGProvider.java:113)
at org.apache.maven.surefire.booter.ForkedBooter.runSuitesInProcess(ForkedBooter.java:385)
at org.apache.maven.surefire.booter.ForkedBooter.execute(ForkedBooter.java:162)
at org.apache.maven.surefire.booter.ForkedBooter.run(ForkedBooter.java:507)
at org.apache.maven.surefire.booter.ForkedBooter.main(ForkedBooter.java:495)
]]>
            </full-stacktrace>
          </exception> <!-- org.openqa.selenium.NoSuchElementException -->
          <reporter-output>
          </reporter-output>
        </test-method> <!-- userRegistration -->
        <test-method is-config="true" signature="launchingbrowserandloadingURL(java.lang.String,java.lang.String)[pri:0, instance:test.TC_001Resgistration@28701274]" started-at="2025-04-02T23:24:04 IST" name="launchingbrowserandloadingURL" finished-at="2025-04-02T23:24:08 IST" duration-ms="4549" status="PASS">
          <params>
            <param index="0">
              <value>
                <![CDATA[https://adactinhotelapp.com/]]>
              </value>
            </param>
            <param index="1">
              <value>
                <![CDATA[Chrome]]>
              </value>
            </param>
          </params>
          <reporter-output>
          </reporter-output>
        </test-method> <!-- launchingbrowserandloadingURL -->
        <test-method signature="userRegistration(java.lang.String,java.lang.String,java.lang.String,java.lang.String,java.lang.String,java.lang.String,java.lang.String)[pri:0, instance:test.TC_001Resgistration@28701274]" started-at="2025-04-02T23:24:08 IST" name="userRegistration" data-provider="readdata" finished-at="2025-04-02T23:24:40 IST" duration-ms="32044" status="FAIL">
          <params>
            <param index="0">
              <value>
                <![CDATA[Nandhini]]>
              </value>
            </param>
            <param index="1">
              <value>
                <![CDATA[nandh#123]]>
              </value>
            </param>
            <param index="2">
              <value>
                <![CDATA[nandh#123]]>
              </value>
            </param>
            <param index="3">
              <value>
                <![CDATA[Nandhini]]>
              </value>
            </param>
            <param index="4">
              <value>
                <![CDATA[sri.jeya32@kmail.com]]>
              </value>
            </param>
            <param index="5">
              <value>
                <![CDATA[existing  mailid]]>
              </value>
            </param>
            <param index="6">
              <value>
                <![CDATA[Email address is already in use]]>
              </value>
            </param>
          </params>
          <exception class="org.openqa.selenium.TimeoutException">
            <message>
              <![CDATA[Expected condition failed: waiting for visibility of [[ChromeDriver: chrome on windows (ad11b5aac21ce84df6318e9430f8bb11)] -> id: email_add_span] (tried for 30 second(s) with 5000 milliseconds interval)
Build info: version: '4.28.0', revision: 'ac342546e9'
System info: os.name: 'Windows 11', os.arch: 'amd64', os.version: '10.0', java.version: '21.0.5'
Driver info: driver.version: unknown]]>
            </message>
            <full-stacktrace>
              <![CDATA[org.openqa.selenium.TimeoutException: Expected condition failed: waiting for visibility of [[ChromeDriver: chrome on windows (ad11b5aac21ce84df6318e9430f8bb11)] -> id: email_add_span] (tried for 30 second(s) with 5000 milliseconds interval)
Build info: version: '4.28.0', revision: 'ac342546e9'
System info: os.name: 'Windows 11', os.arch: 'amd64', os.version: '10.0', java.version: '21.0.5'
Driver info: driver.version: unknown
at org.openqa.selenium.support.ui.FluentWait.timeoutException(FluentWait.java:265)
at org.openqa.selenium.support.ui.FluentWait.until(FluentWait.java:228)
at utils.Handling.fluentWait(Handling.java:42)
at page.ValidateRegister.validateRegister(ValidateRegister.java:57)
at test.TC_001Resgistration.userRegistration(TC_001Resgistration.java:32)
at java.base/jdk.internal.reflect.DirectMethodHandleAccessor.invoke(DirectMethodHandleAccessor.java:103)
at java.base/java.lang.reflect.Method.invoke(Method.java:580)
at org.testng.internal.invokers.MethodInvocationHelper.invokeMethod(MethodInvocationHelper.java:139)
at org.testng.internal.invokers.TestInvoker.invokeMethod(TestInvoker.java:664)
at org.testng.internal.invokers.TestInvoker.invokeTestMethod(TestInvoker.java:227)
at org.testng.internal.invokers.MethodRunner.runInSequence(MethodRunner.java:50)
at org.testng.internal.invokers.TestInvoker$MethodInvocationAgent.invoke(TestInvoker.java:957)
at org.testng.internal.invokers.TestInvoker.invokeTestMethods(TestInvoker.java:200)
at org.testng.internal.invokers.TestMethodWorker.invokeTestMethods(TestMethodWorker.java:148)
at org.testng.internal.invokers.TestMethodWorker.run(TestMethodWorker.java:128)
at java.base/java.util.ArrayList.forEach(ArrayList.java:1596)
at org.testng.TestRunner.privateRun(TestRunner.java:848)
at org.testng.TestRunner.run(TestRunner.java:621)
at org.testng.SuiteRunner.runTest(SuiteRunner.java:443)
at org.testng.SuiteRunner.runSequentially(SuiteRunner.java:437)
at org.testng.SuiteRunner.privateRun(SuiteRunner.java:397)
at org.testng.SuiteRunner.run(SuiteRunner.java:336)
at org.testng.SuiteRunnerWorker.runSuite(SuiteRunnerWorker.java:52)
at org.testng.SuiteRunnerWorker.run(SuiteRunnerWorker.java:95)
at org.testng.TestNG.runSuitesSequentially(TestNG.java:1280)
at org.testng.TestNG.runSuitesLocally(TestNG.java:1200)
at org.testng.TestNG.runSuites(TestNG.java:1114)
at org.testng.TestNG.run(TestNG.java:1082)
at org.apache.maven.surefire.testng.TestNGExecutor.run(TestNGExecutor.java:308)
at org.apache.maven.surefire.testng.TestNGXmlTestSuite.execute(TestNGXmlTestSuite.java:71)
at org.apache.maven.surefire.testng.TestNGProvider.invoke(TestNGProvider.java:113)
at org.apache.maven.surefire.booter.ForkedBooter.runSuitesInProcess(ForkedBooter.java:385)
at org.apache.maven.surefire.booter.ForkedBooter.execute(ForkedBooter.java:162)
at org.apache.maven.surefire.booter.ForkedBooter.run(ForkedBooter.java:507)
at org.apache.maven.surefire.booter.ForkedBooter.main(ForkedBooter.java:495)
]]>
            </full-stacktrace>
          </exception> <!-- org.openqa.selenium.TimeoutException -->
          <reporter-output>
          </reporter-output>
        </test-method> <!-- userRegistration -->
        <test-method is-config="true" signature="launchingbrowserandloadingURL(java.lang.String,java.lang.String)[pri:0, instance:test.TC_001Resgistration@28701274]" started-at="2025-04-02T23:24:41 IST" name="launchingbrowserandloadingURL" finished-at="2025-04-02T23:24:44 IST" duration-ms="3788" status="PASS">
          <params>
            <param index="0">
              <value>
                <![CDATA[https://adactinhotelapp.com/]]>
              </value>
            </param>
            <param index="1">
              <value>
                <![CDATA[Chrome]]>
              </value>
            </param>
          </params>
          <reporter-output>
          </reporter-output>
        </test-method> <!-- launchingbrowserandloadingURL -->
        <test-method signature="userRegistration(java.lang.String,java.lang.String,java.lang.String,java.lang.String,java.lang.String,java.lang.String,java.lang.String)[pri:0, instance:test.TC_001Resgistration@28701274]" started-at="2025-04-02T23:24:44 IST" name="userRegistration" data-provider="readdata" finished-at="2025-04-02T23:24:46 IST" duration-ms="1443" status="PASS">
          <params>
            <param index="0">
              <value>
                <![CDATA[Rish]]>
              </value>
            </param>
            <param index="1">
              <value>
                <![CDATA[Rish_654]]>
              </value>
            </param>
            <param index="2">
              <value>
                <![CDATA[Rish_654]]>
              </value>
            </param>
            <param index="3">
              <value>
                <![CDATA[Rishikumar]]>
              </value>
            </param>
            <param index="4">
              <value>
                <![CDATA[rishikumar@kmail.com]]>
              </value>
            </param>
            <param index="5">
              <value>
                <![CDATA[Less Than 8 character]]>
              </value>
            </param>
            <param index="6">
              <value>
                <![CDATA[Username must contain minimum 8 characters]]>
              </value>
            </param>
          </params>
          <reporter-output>
          </reporter-output>
        </test-method> <!-- userRegistration -->
        <test-method is-config="true" signature="launchingbrowserandloadingURL(java.lang.String,java.lang.String)[pri:0, instance:test.TC_001Resgistration@28701274]" started-at="2025-04-02T23:24:46 IST" name="launchingbrowserandloadingURL" finished-at="2025-04-02T23:24:53 IST" duration-ms="7438" status="PASS">
          <params>
            <param index="0">
              <value>
                <![CDATA[https://adactinhotelapp.com/]]>
              </value>
            </param>
            <param index="1">
              <value>
                <![CDATA[Chrome]]>
              </value>
            </param>
          </params>
          <reporter-output>
          </reporter-output>
        </test-method> <!-- launchingbrowserandloadingURL -->
        <test-method signature="userRegistration(java.lang.String,java.lang.String,java.lang.String,java.lang.String,java.lang.String,java.lang.String,java.lang.String)[pri:0, instance:test.TC_001Resgistration@28701274]" started-at="2025-04-02T23:24:53 IST" name="userRegistration" data-provider="readdata" finished-at="2025-04-02T23:24:55 IST" duration-ms="2172" status="PASS">
          <params>
            <param index="0">
              <value>
                <![CDATA[]]>
              </value>
            </param>
            <param index="1">
              <value>
                <![CDATA[jana987]]>
              </value>
            </param>
            <param index="2">
              <value>
                <![CDATA[jana987]]>
              </value>
            </param>
            <param index="3">
              <value>
                <![CDATA[Janathan]]>
              </value>
            </param>
            <param index="4">
              <value>
                <![CDATA[janathan@kmail.com]]>
              </value>
            </param>
            <param index="5">
              <value>
                <![CDATA[Username field empty]]>
              </value>
            </param>
            <param index="6">
              <value>
                <![CDATA[Username is Empty]]>
              </value>
            </param>
          </params>
          <reporter-output>
          </reporter-output>
        </test-method> <!-- userRegistration -->
        <test-method is-config="true" signature="launchingbrowserandloadingURL(java.lang.String,java.lang.String)[pri:0, instance:test.TC_001Resgistration@28701274]" started-at="2025-04-02T23:24:56 IST" name="launchingbrowserandloadingURL" finished-at="2025-04-02T23:24:59 IST" duration-ms="3199" status="PASS">
          <params>
            <param index="0">
              <value>
                <![CDATA[https://adactinhotelapp.com/]]>
              </value>
            </param>
            <param index="1">
              <value>
                <![CDATA[Chrome]]>
              </value>
            </param>
          </params>
          <reporter-output>
          </reporter-output>
        </test-method> <!-- launchingbrowserandloadingURL -->
        <test-method signature="userRegistration(java.lang.String,java.lang.String,java.lang.String,java.lang.String,java.lang.String,java.lang.String,java.lang.String)[pri:0, instance:test.TC_001Resgistration@28701274]" started-at="2025-04-02T23:24:59 IST" name="userRegistration" data-provider="readdata" finished-at="2025-04-02T23:25:00 IST" duration-ms="1467" status="PASS">
          <params>
            <param index="0">
              <value>
                <![CDATA[Penelope]]>
              </value>
            </param>
            <param index="1">
              <value>
                <![CDATA[pen]]>
              </value>
            </param>
            <param index="2">
              <value>
                <![CDATA[pen]]>
              </value>
            </param>
            <param index="3">
              <value>
                <![CDATA[Penelope]]>
              </value>
            </param>
            <param index="4">
              <value>
                <![CDATA[penelop@kmail.com]]>
              </value>
            </param>
            <param index="5">
              <value>
                <![CDATA[Less Than 6 character]]>
              </value>
            </param>
            <param index="6">
              <value>
                <![CDATA[Password must contain minimum 6 characters]]>
              </value>
            </param>
          </params>
          <reporter-output>
          </reporter-output>
        </test-method> <!-- userRegistration -->
        <test-method is-config="true" signature="launchingbrowserandloadingURL(java.lang.String,java.lang.String)[pri:0, instance:test.TC_001Resgistration@28701274]" started-at="2025-04-02T23:25:01 IST" name="launchingbrowserandloadingURL" finished-at="2025-04-02T23:25:04 IST" duration-ms="3053" status="PASS">
          <params>
            <param index="0">
              <value>
                <![CDATA[https://adactinhotelapp.com/]]>
              </value>
            </param>
            <param index="1">
              <value>
                <![CDATA[Chrome]]>
              </value>
            </param>
          </params>
          <reporter-output>
          </reporter-output>
        </test-method> <!-- launchingbrowserandloadingURL -->
        <test-method signature="userRegistration(java.lang.String,java.lang.String,java.lang.String,java.lang.String,java.lang.String,java.lang.String,java.lang.String)[pri:0, instance:test.TC_001Resgistration@28701274]" started-at="2025-04-02T23:25:04 IST" name="userRegistration" data-provider="readdata" finished-at="2025-04-02T23:25:05 IST" duration-ms="1631" status="PASS">
          <params>
            <param index="0">
              <value>
                <![CDATA[Valentina]]>
              </value>
            </param>
            <param index="1">
              <value>
                <![CDATA[valent#12]]>
              </value>
            </param>
            <param index="2">
              <value>
                <![CDATA[valen]]>
              </value>
            </param>
            <param index="3">
              <value>
                <![CDATA[velantena]]>
              </value>
            </param>
            <param index="4">
              <value>
                <![CDATA[valentena@kmail.com]]>
              </value>
            </param>
            <param index="5">
              <value>
                <![CDATA[mismatch Password]]>
              </value>
            </param>
            <param index="6">
              <value>
                <![CDATA[Passwords Do Not Match]]>
              </value>
            </param>
          </params>
          <reporter-output>
          </reporter-output>
        </test-method> <!-- userRegistration -->
        <test-method is-config="true" signature="launchingbrowserandloadingURL(java.lang.String,java.lang.String)[pri:0, instance:test.TC_001Resgistration@28701274]" started-at="2025-04-02T23:25:05 IST" name="launchingbrowserandloadingURL" finished-at="2025-04-02T23:25:08 IST" duration-ms="3140" status="PASS">
          <params>
            <param index="0">
              <value>
                <![CDATA[https://adactinhotelapp.com/]]>
              </value>
            </param>
            <param index="1">
              <value>
                <![CDATA[Chrome]]>
              </value>
            </param>
          </params>
          <reporter-output>
          </reporter-output>
        </test-method> <!-- launchingbrowserandloadingURL -->
        <test-method signature="userRegistration(java.lang.String,java.lang.String,java.lang.String,java.lang.String,java.lang.String,java.lang.String,java.lang.String)[pri:0, instance:test.TC_001Resgistration@28701274]" started-at="2025-04-02T23:25:08 IST" name="userRegistration" data-provider="readdata" finished-at="2025-04-02T23:25:10 IST" duration-ms="1698" status="PASS">
          <params>
            <param index="0">
              <value>
                <![CDATA[Deekshasiva]]>
              </value>
            </param>
            <param index="1">
              <value>
                <![CDATA[]]>
              </value>
            </param>
            <param index="2">
              <value>
                <![CDATA[deeksha]]>
              </value>
            </param>
            <param index="3">
              <value>
                <![CDATA[Deeksha]]>
              </value>
            </param>
            <param index="4">
              <value>
                <![CDATA[deeksha@kmail.com]]>
              </value>
            </param>
            <param index="5">
              <value>
                <![CDATA[password field is Empty]]>
              </value>
            </param>
            <param index="6">
              <value>
                <![CDATA[Password is Empty]]>
              </value>
            </param>
          </params>
          <reporter-output>
          </reporter-output>
        </test-method> <!-- userRegistration -->
        <test-method is-config="true" signature="launchingbrowserandloadingURL(java.lang.String,java.lang.String)[pri:0, instance:test.TC_001Resgistration@28701274]" started-at="2025-04-02T23:25:10 IST" name="launchingbrowserandloadingURL" finished-at="2025-04-02T23:25:14 IST" duration-ms="4122" status="PASS">
          <params>
            <param index="0">
              <value>
                <![CDATA[https://adactinhotelapp.com/]]>
              </value>
            </param>
            <param index="1">
              <value>
                <![CDATA[Chrome]]>
              </value>
            </param>
          </params>
          <reporter-output>
          </reporter-output>
        </test-method> <!-- launchingbrowserandloadingURL -->
        <test-method signature="userRegistration(java.lang.String,java.lang.String,java.lang.String,java.lang.String,java.lang.String,java.lang.String,java.lang.String)[pri:0, instance:test.TC_001Resgistration@28701274]" started-at="2025-04-02T23:25:14 IST" name="userRegistration" data-provider="readdata" finished-at="2025-04-02T23:25:16 IST" duration-ms="1445" status="PASS">
          <params>
            <param index="0">
              <value>
                <![CDATA[GunaSekar]]>
              </value>
            </param>
            <param index="1">
              <value>
                <![CDATA[guna123]]>
              </value>
            </param>
            <param index="2">
              <value>
                <![CDATA[]]>
              </value>
            </param>
            <param index="3">
              <value>
                <![CDATA[Guna]]>
              </value>
            </param>
            <param index="4">
              <value>
                <![CDATA[Guna23@kmail.com]]>
              </value>
            </param>
            <param index="5">
              <value>
                <![CDATA[Confirm pwd field empty]]>
              </value>
            </param>
            <param index="6">
              <value>
                <![CDATA[Confirm Password is Empty]]>
              </value>
            </param>
          </params>
          <reporter-output>
          </reporter-output>
        </test-method> <!-- userRegistration -->
        <test-method is-config="true" signature="launchingbrowserandloadingURL(java.lang.String,java.lang.String)[pri:0, instance:test.TC_001Resgistration@28701274]" started-at="2025-04-02T23:25:16 IST" name="launchingbrowserandloadingURL" finished-at="2025-04-02T23:25:19 IST" duration-ms="3198" status="PASS">
          <params>
            <param index="0">
              <value>
                <![CDATA[https://adactinhotelapp.com/]]>
              </value>
            </param>
            <param index="1">
              <value>
                <![CDATA[Chrome]]>
              </value>
            </param>
          </params>
          <reporter-output>
          </reporter-output>
        </test-method> <!-- launchingbrowserandloadingURL -->
        <test-method signature="userRegistration(java.lang.String,java.lang.String,java.lang.String,java.lang.String,java.lang.String,java.lang.String,java.lang.String)[pri:0, instance:test.TC_001Resgistration@28701274]" started-at="2025-04-02T23:25:19 IST" name="userRegistration" data-provider="readdata" finished-at="2025-04-02T23:25:21 IST" duration-ms="1384" status="PASS">
          <params>
            <param index="0">
              <value>
                <![CDATA[Umapathy65]]>
              </value>
            </param>
            <param index="1">
              <value>
                <![CDATA[uma123]]>
              </value>
            </param>
            <param index="2">
              <value>
                <![CDATA[uma123]]>
              </value>
            </param>
            <param index="3">
              <value>
                <![CDATA[]]>
              </value>
            </param>
            <param index="4">
              <value>
                <![CDATA[uma@kmail.com]]>
              </value>
            </param>
            <param index="5">
              <value>
                <![CDATA[Full name field is empty]]>
              </value>
            </param>
            <param index="6">
              <value>
                <![CDATA[Full Name is Empty]]>
              </value>
            </param>
          </params>
          <reporter-output>
          </reporter-output>
        </test-method> <!-- userRegistration -->
        <test-method is-config="true" signature="launchingbrowserandloadingURL(java.lang.String,java.lang.String)[pri:0, instance:test.TC_001Resgistration@28701274]" started-at="2025-04-02T23:25:21 IST" name="launchingbrowserandloadingURL" finished-at="2025-04-02T23:25:24 IST" duration-ms="3204" status="PASS">
          <params>
            <param index="0">
              <value>
                <![CDATA[https://adactinhotelapp.com/]]>
              </value>
            </param>
            <param index="1">
              <value>
                <![CDATA[Chrome]]>
              </value>
            </param>
          </params>
          <reporter-output>
          </reporter-output>
        </test-method> <!-- launchingbrowserandloadingURL -->
        <test-method signature="userRegistration(java.lang.String,java.lang.String,java.lang.String,java.lang.String,java.lang.String,java.lang.String,java.lang.String)[pri:0, instance:test.TC_001Resgistration@28701274]" started-at="2025-04-02T23:25:24 IST" name="userRegistration" data-provider="readdata" finished-at="2025-04-02T23:25:25 IST" duration-ms="1436" status="PASS">
          <params>
            <param index="0">
              <value>
                <![CDATA[Premchand]]>
              </value>
            </param>
            <param index="1">
              <value>
                <![CDATA[&prem23]]>
              </value>
            </param>
            <param index="2">
              <value>
                <![CDATA[&prem123]]>
              </value>
            </param>
            <param index="3">
              <value>
                <![CDATA[Prem]]>
              </value>
            </param>
            <param index="4">
              <value>
                <![CDATA[]]>
              </value>
            </param>
            <param index="5">
              <value>
                <![CDATA[Email field is Empty]]>
              </value>
            </param>
            <param index="6">
              <value>
                <![CDATA[Email Address is Empty]]>
              </value>
            </param>
          </params>
          <reporter-output>
          </reporter-output>
        </test-method> <!-- userRegistration -->
        <test-method is-config="true" signature="launchingbrowserandloadingURL(java.lang.String,java.lang.String)[pri:0, instance:test.TC_001Resgistration@28701274]" started-at="2025-04-02T23:25:26 IST" name="launchingbrowserandloadingURL" finished-at="2025-04-02T23:25:29 IST" duration-ms="3598" status="PASS">
          <params>
            <param index="0">
              <value>
                <![CDATA[https://adactinhotelapp.com/]]>
              </value>
            </param>
            <param index="1">
              <value>
                <![CDATA[Chrome]]>
              </value>
            </param>
          </params>
          <reporter-output>
          </reporter-output>
        </test-method> <!-- launchingbrowserandloadingURL -->
        <test-method signature="userRegistration(java.lang.String,java.lang.String,java.lang.String,java.lang.String,java.lang.String,java.lang.String,java.lang.String)[pri:0, instance:test.TC_001Resgistration@28701274]" started-at="2025-04-02T23:25:29 IST" name="userRegistration" data-provider="readdata" finished-at="2025-04-02T23:25:31 IST" duration-ms="1453" status="PASS">
          <params>
            <param index="0">
              <value>
                <![CDATA[SarimKhan]]>
              </value>
            </param>
            <param index="1">
              <value>
                <![CDATA[sarim432]]>
              </value>
            </param>
            <param index="2">
              <value>
                <![CDATA[sarim432]]>
              </value>
            </param>
            <param index="3">
              <value>
                <![CDATA[Sarim]]>
              </value>
            </param>
            <param index="4">
              <value>
                <![CDATA[sarim@kmail]]>
              </value>
            </param>
            <param index="5">
              <value>
                <![CDATA[invalid email format]]>
              </value>
            </param>
            <param index="6">
              <value>
                <![CDATA[Invalid email, Please enter correct email.]]>
              </value>
            </param>
          </params>
          <reporter-output>
          </reporter-output>
        </test-method> <!-- userRegistration -->
        <test-method is-config="true" signature="launchingbrowserandloadingURL(java.lang.String,java.lang.String)[pri:0, instance:test.TC_001Resgistration@28701274]" started-at="2025-04-02T23:25:31 IST" name="launchingbrowserandloadingURL" finished-at="2025-04-02T23:25:34 IST" duration-ms="3381" status="PASS">
          <params>
            <param index="0">
              <value>
                <![CDATA[https://adactinhotelapp.com/]]>
              </value>
            </param>
            <param index="1">
              <value>
                <![CDATA[Chrome]]>
              </value>
            </param>
          </params>
          <reporter-output>
          </reporter-output>
        </test-method> <!-- launchingbrowserandloadingURL -->
        <test-method signature="userRegistration(java.lang.String,java.lang.String,java.lang.String,java.lang.String,java.lang.String,java.lang.String,java.lang.String)[pri:0, instance:test.TC_001Resgistration@28701274]" started-at="2025-04-02T23:25:34 IST" name="userRegistration" data-provider="readdata" finished-at="2025-04-02T23:26:06 IST" duration-ms="31890" status="FAIL">
          <params>
            <param index="0">
              <value>
                <![CDATA[Jeyasrisankar]]>
              </value>
            </param>
            <param index="1">
              <value>
                <![CDATA[jeya678]]>
              </value>
            </param>
            <param index="2">
              <value>
                <![CDATA[jeya678]]>
              </value>
            </param>
            <param index="3">
              <value>
                <![CDATA[Jeyasri]]>
              </value>
            </param>
            <param index="4">
              <value>
                <![CDATA[jeyasri@kmail.com]]>
              </value>
            </param>
            <param index="5">
              <value>
                <![CDATA[Existing Username]]>
              </value>
            </param>
            <param index="6">
              <value>
                <![CDATA[This username is alredy available]]>
              </value>
            </param>
          </params>
          <exception class="org.openqa.selenium.TimeoutException">
            <message>
              <![CDATA[Expected condition failed: waiting for visibility of [[ChromeDriver: chrome on windows (d34d6b808c04cd451d2589f37535201e)] -> id: username_span] (tried for 30 second(s) with 5000 milliseconds interval)
Build info: version: '4.28.0', revision: 'ac342546e9'
System info: os.name: 'Windows 11', os.arch: 'amd64', os.version: '10.0', java.version: '21.0.5'
Driver info: driver.version: unknown]]>
            </message>
            <full-stacktrace>
              <![CDATA[org.openqa.selenium.TimeoutException: Expected condition failed: waiting for visibility of [[ChromeDriver: chrome on windows (d34d6b808c04cd451d2589f37535201e)] -> id: username_span] (tried for 30 second(s) with 5000 milliseconds interval)
Build info: version: '4.28.0', revision: 'ac342546e9'
System info: os.name: 'Windows 11', os.arch: 'amd64', os.version: '10.0', java.version: '21.0.5'
Driver info: driver.version: unknown
at org.openqa.selenium.support.ui.FluentWait.timeoutException(FluentWait.java:265)
at org.openqa.selenium.support.ui.FluentWait.until(FluentWait.java:228)
at utils.Handling.fluentWait(Handling.java:42)
at page.ValidateRegister.validateRegister(ValidateRegister.java:128)
at test.TC_001Resgistration.userRegistration(TC_001Resgistration.java:32)
at java.base/jdk.internal.reflect.DirectMethodHandleAccessor.invoke(DirectMethodHandleAccessor.java:103)
at java.base/java.lang.reflect.Method.invoke(Method.java:580)
at org.testng.internal.invokers.MethodInvocationHelper.invokeMethod(MethodInvocationHelper.java:139)
at org.testng.internal.invokers.TestInvoker.invokeMethod(TestInvoker.java:664)
at org.testng.internal.invokers.TestInvoker.invokeTestMethod(TestInvoker.java:227)
at org.testng.internal.invokers.MethodRunner.runInSequence(MethodRunner.java:50)
at org.testng.internal.invokers.TestInvoker$MethodInvocationAgent.invoke(TestInvoker.java:957)
at org.testng.internal.invokers.TestInvoker.invokeTestMethods(TestInvoker.java:200)
at org.testng.internal.invokers.TestMethodWorker.invokeTestMethods(TestMethodWorker.java:148)
at org.testng.internal.invokers.TestMethodWorker.run(TestMethodWorker.java:128)
at java.base/java.util.ArrayList.forEach(ArrayList.java:1596)
at org.testng.TestRunner.privateRun(TestRunner.java:848)
at org.testng.TestRunner.run(TestRunner.java:621)
at org.testng.SuiteRunner.runTest(SuiteRunner.java:443)
at org.testng.SuiteRunner.runSequentially(SuiteRunner.java:437)
at org.testng.SuiteRunner.privateRun(SuiteRunner.java:397)
at org.testng.SuiteRunner.run(SuiteRunner.java:336)
at org.testng.SuiteRunnerWorker.runSuite(SuiteRunnerWorker.java:52)
at org.testng.SuiteRunnerWorker.run(SuiteRunnerWorker.java:95)
at org.testng.TestNG.runSuitesSequentially(TestNG.java:1280)
at org.testng.TestNG.runSuitesLocally(TestNG.java:1200)
at org.testng.TestNG.runSuites(TestNG.java:1114)
at org.testng.TestNG.run(TestNG.java:1082)
at org.apache.maven.surefire.testng.TestNGExecutor.run(TestNGExecutor.java:308)
at org.apache.maven.surefire.testng.TestNGXmlTestSuite.execute(TestNGXmlTestSuite.java:71)
at org.apache.maven.surefire.testng.TestNGProvider.invoke(TestNGProvider.java:113)
at org.apache.maven.surefire.booter.ForkedBooter.runSuitesInProcess(ForkedBooter.java:385)
at org.apache.maven.surefire.booter.ForkedBooter.execute(ForkedBooter.java:162)
at org.apache.maven.surefire.booter.ForkedBooter.run(ForkedBooter.java:507)
at org.apache.maven.surefire.booter.ForkedBooter.main(ForkedBooter.java:495)
]]>
            </full-stacktrace>
          </exception> <!-- org.openqa.selenium.TimeoutException -->
          <reporter-output>
          </reporter-output>
        </test-method> <!-- userRegistration -->
        <test-method is-config="true" signature="launchingbrowserandloadingURL(java.lang.String,java.lang.String)[pri:0, instance:test.TC_001Resgistration@28701274]" started-at="2025-04-02T23:26:06 IST" name="launchingbrowserandloadingURL" finished-at="2025-04-02T23:26:11 IST" duration-ms="5175" status="PASS">
          <params>
            <param index="0">
              <value>
                <![CDATA[https://adactinhotelapp.com/]]>
              </value>
            </param>
            <param index="1">
              <value>
                <![CDATA[Chrome]]>
              </value>
            </param>
          </params>
          <reporter-output>
          </reporter-output>
        </test-method> <!-- launchingbrowserandloadingURL -->
        <test-method signature="userRegistration(java.lang.String,java.lang.String,java.lang.String,java.lang.String,java.lang.String,java.lang.String,java.lang.String)[pri:0, instance:test.TC_001Resgistration@28701274]" started-at="2025-04-02T23:26:11 IST" name="userRegistration" data-provider="readdata" finished-at="2025-04-02T23:26:13 IST" duration-ms="1531" status="PASS">
          <params>
            <param index="0">
              <value>
                <![CDATA[]]>
              </value>
            </param>
            <param index="1">
              <value>
                <![CDATA[]]>
              </value>
            </param>
            <param index="2">
              <value>
                <![CDATA[]]>
              </value>
            </param>
            <param index="3">
              <value>
                <![CDATA[]]>
              </value>
            </param>
            <param index="4">
              <value>
                <![CDATA[]]>
              </value>
            </param>
            <param index="5">
              <value>
                <![CDATA[All Field Empty]]>
              </value>
            </param>
            <param index="6">
              <value>
                <![CDATA[(Fields marked with Red asterix (*) are mandatory)]]>
              </value>
            </param>
          </params>
          <reporter-output>
          </reporter-output>
        </test-method> <!-- userRegistration -->
        <test-method is-config="true" signature="launchingbrowserandloadingURL(java.lang.String,java.lang.String)[pri:0, instance:test.TC_001Resgistration@28701274]" started-at="2025-04-02T23:26:13 IST" name="launchingbrowserandloadingURL" finished-at="2025-04-02T23:26:18 IST" duration-ms="4791" status="PASS">
          <params>
            <param index="0">
              <value>
                <![CDATA[https://adactinhotelapp.com/]]>
              </value>
            </param>
            <param index="1">
              <value>
                <![CDATA[Chrome]]>
              </value>
            </param>
          </params>
          <reporter-output>
          </reporter-output>
        </test-method> <!-- launchingbrowserandloadingURL -->
        <test-method signature="userRegistration(java.lang.String,java.lang.String,java.lang.String,java.lang.String,java.lang.String,java.lang.String,java.lang.String)[pri:0, instance:test.TC_001Resgistration@28701274]" started-at="2025-04-02T23:26:18 IST" name="userRegistration" data-provider="readdata" finished-at="2025-04-02T23:26:40 IST" duration-ms="22516" status="PASS">
          <params>
            <param index="0">
              <value>
                <![CDATA[Jeyasri Sanka]]>
              </value>
            </param>
            <param index="1">
              <value>
                <![CDATA[jeya123]]>
              </value>
            </param>
            <param index="2">
              <value>
                <![CDATA[jeya123]]>
              </value>
            </param>
            <param index="3">
              <value>
                <![CDATA[jeya]]>
              </value>
            </param>
            <param index="4">
              <value>
                <![CDATA[jeya336@kmail.com]]>
              </value>
            </param>
            <param index="5">
              <value>
                <![CDATA[Not Alpha Numeric]]>
              </value>
            </param>
            <param index="6">
              <value>
                <![CDATA[Only Alpha Numeric characters are allowed]]>
              </value>
            </param>
          </params>
          <reporter-output>
          </reporter-output>
        </test-method> <!-- userRegistration -->
        <test-method is-config="true" signature="reportClose()[pri:0, instance:test.TC_001Resgistration@28701274]" started-at="2025-04-02T23:26:41 IST" name="reportClose" finished-at="2025-04-02T23:26:41 IST" duration-ms="159" status="PASS">
          <reporter-output>
          </reporter-output>
        </test-method> <!-- reportClose -->
      </class> <!-- test.TC_001Resgistration -->
    </test> <!-- Test -->
  </suite> <!-- Suite (1) -->
  <suite started-at="2025-04-02T23:23:31 IST" name="Suite (0)" finished-at="2025-04-02T23:23:36 IST" duration-ms="5363">
    <groups>
    </groups>
    <test started-at="2025-04-02T23:23:31 IST" name="Test" finished-at="2025-04-02T23:23:36 IST" duration-ms="5363">
      <class name="test.TC_002ResetData">
        <test-method is-config="true" signature="reportIniatialization()[pri:0, instance:test.TC_002ResetData@411f53a0]" started-at="2025-04-02T23:23:31 IST" name="reportIniatialization" finished-at="2025-04-02T23:23:31 IST" duration-ms="2" status="PASS">
          <reporter-output>
          </reporter-output>
        </test-method> <!-- reportIniatialization -->
        <test-method is-config="true" signature="setup()[pri:0, instance:test.TC_002ResetData@411f53a0]" started-at="2025-04-02T23:23:31 IST" name="setup" finished-at="2025-04-02T23:23:31 IST" duration-ms="2" status="PASS">
          <reporter-output>
          </reporter-output>
        </test-method> <!-- setup -->
        <test-method is-config="true" signature="testDetails()[pri:0, instance:test.TC_002ResetData@411f53a0]" started-at="2025-04-02T23:23:31 IST" name="testDetails" finished-at="2025-04-02T23:23:31 IST" duration-ms="0" status="PASS">
          <reporter-output>
          </reporter-output>
        </test-method> <!-- testDetails -->
        <test-method is-config="true" signature="launchingbrowserandloadingURL(java.lang.String,java.lang.String)[pri:0, instance:test.TC_002ResetData@411f53a0]" started-at="2025-04-02T23:23:31 IST" name="launchingbrowserandloadingURL" finished-at="2025-04-02T23:23:34 IST" duration-ms="3398" status="PASS">
          <params>
            <param index="0">
              <value>
                <![CDATA[https://adactinhotelapp.com/]]>
              </value>
            </param>
            <param index="1">
              <value>
                <![CDATA[Chrome]]>
              </value>
            </param>
          </params>
          <reporter-output>
          </reporter-output>
        </test-method> <!-- launchingbrowserandloadingURL -->
        <test-method signature="userRegistration(java.lang.String,java.lang.String,java.lang.String,java.lang.String,java.lang.String)[pri:0, instance:test.TC_002ResetData@411f53a0]" started-at="2025-04-02T23:23:34 IST" name="userRegistration" data-provider="readdata" finished-at="2025-04-02T23:23:36 IST" duration-ms="1564" status="PASS">
          <params>
            <param index="0">
              <value>
                <![CDATA[vinobhas]]>
              </value>
            </param>
            <param index="1">
              <value>
                <![CDATA[vino123]]>
              </value>
            </param>
            <param index="2">
              <value>
                <![CDATA[vino123]]>
              </value>
            </param>
            <param index="3">
              <value>
                <![CDATA[vinobha]]>
              </value>
            </param>
            <param index="4">
              <value>
                <![CDATA[vinobha@kmail.com]]>
              </value>
            </param>
          </params>
          <reporter-output>
          </reporter-output>
        </test-method> <!-- userRegistration -->
        <test-method is-config="true" signature="reportClose()[pri:0, instance:test.TC_002ResetData@411f53a0]" started-at="2025-04-02T23:23:36 IST" name="reportClose" finished-at="2025-04-02T23:23:36 IST" duration-ms="116" status="PASS">
          <reporter-output>
          </reporter-output>
        </test-method> <!-- reportClose -->
      </class> <!-- test.TC_002ResetData -->
    </test> <!-- Test -->
  </suite> <!-- Suite (0) -->
  <suite started-at="2025-04-02T23:28:46 IST" name="Suite (4)" finished-at="2025-04-02T23:31:00 IST" duration-ms="134282">
    <groups>
    </groups>
    <test started-at="2025-04-02T23:28:46 IST" name="Test" finished-at="2025-04-02T23:31:00 IST" duration-ms="134282">
      <class name="test.TC_007BookItinerary">
        <test-method is-config="true" signature="reportIniatialization()[pri:0, instance:test.TC_007BookItinerary@6c6cb480]" started-at="2025-04-02T23:28:46 IST" name="reportIniatialization" finished-at="2025-04-02T23:28:46 IST" duration-ms="1" status="PASS">
          <reporter-output>
          </reporter-output>
        </test-method> <!-- reportIniatialization -->
        <test-method is-config="true" signature="setup()[pri:0, instance:test.TC_007BookItinerary@6c6cb480]" started-at="2025-04-02T23:28:46 IST" name="setup" finished-at="2025-04-02T23:28:46 IST" duration-ms="15" status="PASS">
          <reporter-output>
          </reporter-output>
        </test-method> <!-- setup -->
        <test-method is-config="true" signature="testDetails()[pri:0, instance:test.TC_007BookItinerary@6c6cb480]" started-at="2025-04-02T23:28:46 IST" name="testDetails" finished-at="2025-04-02T23:28:46 IST" duration-ms="1" status="PASS">
          <reporter-output>
          </reporter-output>
        </test-method> <!-- testDetails -->
        <test-method is-config="true" signature="launchingbrowserandloadingURL(java.lang.String,java.lang.String)[pri:0, instance:test.TC_007BookItinerary@6c6cb480]" started-at="2025-04-02T23:28:47 IST" name="launchingbrowserandloadingURL" finished-at="2025-04-02T23:28:50 IST" duration-ms="3413" status="PASS">
          <params>
            <param index="0">
              <value>
                <![CDATA[https://adactinhotelapp.com/]]>
              </value>
            </param>
            <param index="1">
              <value>
                <![CDATA[Chrome]]>
              </value>
            </param>
          </params>
          <reporter-output>
          </reporter-output>
        </test-method> <!-- launchingbrowserandloadingURL -->
        <test-method signature="booking(java.lang.String,java.lang.String,java.lang.String,java.lang.String,java.lang.String,java.lang.String,java.lang.String,java.lang.String)[pri:0, instance:test.TC_007BookItinerary@6c6cb480]" started-at="2025-04-02T23:28:50 IST" name="booking" data-provider="readdata" finished-at="2025-04-02T23:30:37 IST" duration-ms="107143" status="PASS">
          <params>
            <param index="0">
              <value>
                <![CDATA[hetwik]]>
              </value>
            </param>
            <param index="1">
              <value>
                <![CDATA[josh]]>
              </value>
            </param>
            <param index="2">
              <value>
                <![CDATA[coimbatore]]>
              </value>
            </param>
            <param index="3">
              <value>
                <![CDATA[1486450828942870]]>
              </value>
            </param>
            <param index="4">
              <value>
                <![CDATA[American Express]]>
              </value>
            </param>
            <param index="5">
              <value>
                <![CDATA[October]]>
              </value>
            </param>
            <param index="6">
              <value>
                <![CDATA[2028]]>
              </value>
            </param>
            <param index="7">
              <value>
                <![CDATA[876]]>
              </value>
            </param>
          </params>
          <reporter-output>
          </reporter-output>
        </test-method> <!-- booking -->
        <test-method is-config="true" signature="reportClose()[pri:0, instance:test.TC_007BookItinerary@6c6cb480]" started-at="2025-04-02T23:31:01 IST" name="reportClose" finished-at="2025-04-02T23:31:01 IST" duration-ms="151" status="PASS">
          <reporter-output>
          </reporter-output>
        </test-method> <!-- reportClose -->
      </class> <!-- test.TC_007BookItinerary -->
    </test> <!-- Test -->
  </suite> <!-- Suite (4) -->
  <suite started-at="2025-04-02T23:27:32 IST" name="Suite (3)" finished-at="2025-04-02T23:28:46 IST" duration-ms="74423">
    <groups>
    </groups>
    <test started-at="2025-04-02T23:27:32 IST" name="Test" finished-at="2025-04-02T23:28:46 IST" duration-ms="74423">
      <class name="test.TC_006BookingHotel">
        <test-method is-config="true" signature="reportIniatialization()[pri:0, instance:test.TC_006BookingHotel@7c7a06ec]" started-at="2025-04-02T23:27:32 IST" name="reportIniatialization" finished-at="2025-04-02T23:27:32 IST" duration-ms="2" status="PASS">
          <reporter-output>
          </reporter-output>
        </test-method> <!-- reportIniatialization -->
        <test-method is-config="true" signature="setup()[pri:0, instance:test.TC_006BookingHotel@7c7a06ec]" started-at="2025-04-02T23:27:32 IST" name="setup" finished-at="2025-04-02T23:27:32 IST" duration-ms="0" status="PASS">
          <reporter-output>
          </reporter-output>
        </test-method> <!-- setup -->
        <test-method is-config="true" signature="testDetails()[pri:0, instance:test.TC_006BookingHotel@7c7a06ec]" started-at="2025-04-02T23:27:32 IST" name="testDetails" finished-at="2025-04-02T23:27:32 IST" duration-ms="0" status="PASS">
          <reporter-output>
          </reporter-output>
        </test-method> <!-- testDetails -->
        <test-method is-config="true" signature="launchingbrowserandloadingURL(java.lang.String,java.lang.String)[pri:0, instance:test.TC_006BookingHotel@7c7a06ec]" started-at="2025-04-02T23:27:32 IST" name="launchingbrowserandloadingURL" finished-at="2025-04-02T23:27:35 IST" duration-ms="3214" status="PASS">
          <params>
            <param index="0">
              <value>
                <![CDATA[https://adactinhotelapp.com/]]>
              </value>
            </param>
            <param index="1">
              <value>
                <![CDATA[Chrome]]>
              </value>
            </param>
          </params>
          <reporter-output>
          </reporter-output>
        </test-method> <!-- launchingbrowserandloadingURL -->
        <test-method signature="booking(java.lang.String,java.lang.String,java.lang.String,java.lang.String,java.lang.String,java.lang.String,java.lang.String,java.lang.String,java.lang.String,java.lang.String)[pri:0, instance:test.TC_006BookingHotel@7c7a06ec]" started-at="2025-04-02T23:27:35 IST" name="booking" data-provider="readdata" finished-at="2025-04-02T23:27:39 IST" duration-ms="3451" status="PASS">
          <params>
            <param index="0">
              <value>
                <![CDATA[]]>
              </value>
            </param>
            <param index="1">
              <value>
                <![CDATA[]]>
              </value>
            </param>
            <param index="2">
              <value>
                <![CDATA[]]>
              </value>
            </param>
            <param index="3">
              <value>
                <![CDATA[]]>
              </value>
            </param>
            <param index="4">
              <value>
                <![CDATA[Other]]>
              </value>
            </param>
            <param index="5">
              <value>
                <![CDATA[July]]>
              </value>
            </param>
            <param index="6">
              <value>
                <![CDATA[2028]]>
              </value>
            </param>
            <param index="7">
              <value>
                <![CDATA[]]>
              </value>
            </param>
            <param index="8">
              <value>
                <![CDATA[All field Empty]]>
              </value>
            </param>
            <param index="9">
              <value>
                <![CDATA[Please Enter your First Name]]>
              </value>
            </param>
          </params>
          <reporter-output>
          </reporter-output>
        </test-method> <!-- booking -->
        <test-method is-config="true" signature="launchingbrowserandloadingURL(java.lang.String,java.lang.String)[pri:0, instance:test.TC_006BookingHotel@7c7a06ec]" started-at="2025-04-02T23:27:39 IST" name="launchingbrowserandloadingURL" finished-at="2025-04-02T23:27:42 IST" duration-ms="3226" status="PASS">
          <params>
            <param index="0">
              <value>
                <![CDATA[https://adactinhotelapp.com/]]>
              </value>
            </param>
            <param index="1">
              <value>
                <![CDATA[Chrome]]>
              </value>
            </param>
          </params>
          <reporter-output>
          </reporter-output>
        </test-method> <!-- launchingbrowserandloadingURL -->
        <test-method signature="booking(java.lang.String,java.lang.String,java.lang.String,java.lang.String,java.lang.String,java.lang.String,java.lang.String,java.lang.String,java.lang.String,java.lang.String)[pri:0, instance:test.TC_006BookingHotel@7c7a06ec]" started-at="2025-04-02T23:27:42 IST" name="booking" data-provider="readdata" finished-at="2025-04-02T23:27:46 IST" duration-ms="4066" status="PASS">
          <params>
            <param index="0">
              <value>
                <![CDATA[]]>
              </value>
            </param>
            <param index="1">
              <value>
                <![CDATA[sekar]]>
              </value>
            </param>
            <param index="2">
              <value>
                <![CDATA[chennai]]>
              </value>
            </param>
            <param index="3">
              <value>
                <![CDATA[9876545678956430]]>
              </value>
            </param>
            <param index="4">
              <value>
                <![CDATA[American Express]]>
              </value>
            </param>
            <param index="5">
              <value>
                <![CDATA[February]]>
              </value>
            </param>
            <param index="6">
              <value>
                <![CDATA[2029]]>
              </value>
            </param>
            <param index="7">
              <value>
                <![CDATA[2345]]>
              </value>
            </param>
            <param index="8">
              <value>
                <![CDATA[Firstname field empty]]>
              </value>
            </param>
            <param index="9">
              <value>
                <![CDATA[Please Enter your First Name]]>
              </value>
            </param>
          </params>
          <reporter-output>
          </reporter-output>
        </test-method> <!-- booking -->
        <test-method is-config="true" signature="launchingbrowserandloadingURL(java.lang.String,java.lang.String)[pri:0, instance:test.TC_006BookingHotel@7c7a06ec]" started-at="2025-04-02T23:27:46 IST" name="launchingbrowserandloadingURL" finished-at="2025-04-02T23:27:49 IST" duration-ms="3365" status="PASS">
          <params>
            <param index="0">
              <value>
                <![CDATA[https://adactinhotelapp.com/]]>
              </value>
            </param>
            <param index="1">
              <value>
                <![CDATA[Chrome]]>
              </value>
            </param>
          </params>
          <reporter-output>
          </reporter-output>
        </test-method> <!-- launchingbrowserandloadingURL -->
        <test-method signature="booking(java.lang.String,java.lang.String,java.lang.String,java.lang.String,java.lang.String,java.lang.String,java.lang.String,java.lang.String,java.lang.String,java.lang.String)[pri:0, instance:test.TC_006BookingHotel@7c7a06ec]" started-at="2025-04-02T23:27:49 IST" name="booking" data-provider="readdata" finished-at="2025-04-02T23:27:53 IST" duration-ms="3617" status="PASS">
          <params>
            <param index="0">
              <value>
                <![CDATA[brindha]]>
              </value>
            </param>
            <param index="1">
              <value>
                <![CDATA[]]>
              </value>
            </param>
            <param index="2">
              <value>
                <![CDATA[trichy]]>
              </value>
            </param>
            <param index="3">
              <value>
                <![CDATA[5678934265238950]]>
              </value>
            </param>
            <param index="4">
              <value>
                <![CDATA[Master Card]]>
              </value>
            </param>
            <param index="5">
              <value>
                <![CDATA[November]]>
              </value>
            </param>
            <param index="6">
              <value>
                <![CDATA[2025]]>
              </value>
            </param>
            <param index="7">
              <value>
                <![CDATA[345]]>
              </value>
            </param>
            <param index="8">
              <value>
                <![CDATA[Lastname field empty]]>
              </value>
            </param>
            <param index="9">
              <value>
                <![CDATA[Please Enter you Last Name]]>
              </value>
            </param>
          </params>
          <reporter-output>
          </reporter-output>
        </test-method> <!-- booking -->
        <test-method is-config="true" signature="launchingbrowserandloadingURL(java.lang.String,java.lang.String)[pri:0, instance:test.TC_006BookingHotel@7c7a06ec]" started-at="2025-04-02T23:27:53 IST" name="launchingbrowserandloadingURL" finished-at="2025-04-02T23:27:57 IST" duration-ms="3385" status="PASS">
          <params>
            <param index="0">
              <value>
                <![CDATA[https://adactinhotelapp.com/]]>
              </value>
            </param>
            <param index="1">
              <value>
                <![CDATA[Chrome]]>
              </value>
            </param>
          </params>
          <reporter-output>
          </reporter-output>
        </test-method> <!-- launchingbrowserandloadingURL -->
        <test-method signature="booking(java.lang.String,java.lang.String,java.lang.String,java.lang.String,java.lang.String,java.lang.String,java.lang.String,java.lang.String,java.lang.String,java.lang.String)[pri:0, instance:test.TC_006BookingHotel@7c7a06ec]" started-at="2025-04-02T23:27:57 IST" name="booking" data-provider="readdata" finished-at="2025-04-02T23:28:01 IST" duration-ms="3987" status="PASS">
          <params>
            <param index="0">
              <value>
                <![CDATA[divya]]>
              </value>
            </param>
            <param index="1">
              <value>
                <![CDATA[k]]>
              </value>
            </param>
            <param index="2">
              <value>
                <![CDATA[]]>
              </value>
            </param>
            <param index="3">
              <value>
                <![CDATA[3876529846710960]]>
              </value>
            </param>
            <param index="4">
              <value>
                <![CDATA[VISA]]>
              </value>
            </param>
            <param index="5">
              <value>
                <![CDATA[September]]>
              </value>
            </param>
            <param index="6">
              <value>
                <![CDATA[2030]]>
              </value>
            </param>
            <param index="7">
              <value>
                <![CDATA[98]]>
              </value>
            </param>
            <param index="8">
              <value>
[...]
            </param>
            <param index="4">
              <value>
                <![CDATA[20-05-2025]]>
              </value>
            </param>
            <param index="5">
              <value>
                <![CDATA[26-05-2025]]>
              </value>
            </param>
            <param index="6">
              <value>
                <![CDATA[2]]>
              </value>
            </param>
            <param index="7">
              <value>
                <![CDATA[0]]>
              </value>
            </param>
            <param index="8">
              <value>
                <![CDATA[Empty location field]]>
              </value>
            </param>
            <param index="9">
              <value>
                <![CDATA[Please Select a Location]]>
              </value>
            </param>
          </params>
          <reporter-output>
          </reporter-output>
        </test-method> <!-- SeachHotelTest -->
        <test-method is-config="true" signature="launchingbrowserandloadingURL(java.lang.String,java.lang.String)[pri:0, instance:test.TC_005SearchHotel@175c2241]" started-at="2025-04-02T23:26:53 IST" name="launchingbrowserandloadingURL" finished-at="2025-04-02T23:26:56 IST" duration-ms="3424" status="PASS">
          <params>
            <param index="0">
              <value>
                <![CDATA[https://adactinhotelapp.com/]]>
              </value>
            </param>
            <param index="1">
              <value>
                <![CDATA[Chrome]]>
              </value>
            </param>
          </params>
          <reporter-output>
          </reporter-output>
        </test-method> <!-- launchingbrowserandloadingURL -->
        <test-method signature="SeachHotelTest(java.lang.String,java.lang.String,java.lang.String,java.lang.String,java.lang.String,java.lang.String,java.lang.String,java.lang.String,java.lang.String,java.lang.String)[pri:0, instance:test.TC_005SearchHotel@175c2241]" started-at="2025-04-02T23:26:56 IST" name="SeachHotelTest" data-provider="readdata" finished-at="2025-04-02T23:26:58 IST" duration-ms="1711" status="PASS">
          <params>
            <param index="0">
              <value>
                <![CDATA[Melbourne]]>
              </value>
            </param>
            <param index="1">
              <value>
                <![CDATA[]]>
              </value>
            </param>
            <param index="2">
              <value>
                <![CDATA[]]>
              </value>
            </param>
            <param index="3">
              <value>
                <![CDATA[]]>
              </value>
            </param>
            <param index="4">
              <value>
                <![CDATA[21-05-2025]]>
              </value>
            </param>
            <param index="5">
              <value>
                <![CDATA[27-05-2025]]>
              </value>
            </param>
            <param index="6">
              <value>
                <![CDATA[3]]>
              </value>
            </param>
            <param index="7">
              <value>
                <![CDATA[1]]>
              </value>
            </param>
            <param index="8">
              <value>
                <![CDATA[Empty number of  rooms field]]>
              </value>
            </param>
            <param index="9">
              <value>
                <![CDATA[Please Select Total Number of Rooms]]>
              </value>
            </param>
          </params>
          <reporter-output>
          </reporter-output>
        </test-method> <!-- SeachHotelTest -->
        <test-method is-config="true" signature="launchingbrowserandloadingURL(java.lang.String,java.lang.String)[pri:0, instance:test.TC_005SearchHotel@175c2241]" started-at="2025-04-02T23:26:58 IST" name="launchingbrowserandloadingURL" finished-at="2025-04-02T23:27:01 IST" duration-ms="3236" status="PASS">
          <params>
            <param index="0">
              <value>
                <![CDATA[https://adactinhotelapp.com/]]>
              </value>
            </param>
            <param index="1">
              <value>
                <![CDATA[Chrome]]>
              </value>
            </param>
          </params>
          <reporter-output>
          </reporter-output>
        </test-method> <!-- launchingbrowserandloadingURL -->
        <test-method signature="SeachHotelTest(java.lang.String,java.lang.String,java.lang.String,java.lang.String,java.lang.String,java.lang.String,java.lang.String,java.lang.String,java.lang.String,java.lang.String)[pri:0, instance:test.TC_005SearchHotel@175c2241]" started-at="2025-04-02T23:27:01 IST" name="SeachHotelTest" data-provider="readdata" finished-at="2025-04-02T23:27:03 IST" duration-ms="1852" status="PASS">
          <params>
            <param index="0">
              <value>
                <![CDATA[Brisbane]]>
              </value>
            </param>
            <param index="1">
              <value>
                <![CDATA[Hotel Cornice]]>
              </value>
            </param>
            <param index="2">
              <value>
                <![CDATA[Deluxe]]>
              </value>
            </param>
            <param index="3">
              <value>
                <![CDATA[6]]>
              </value>
            </param>
            <param index="4">
              <value>
                <![CDATA[]]>
              </value>
            </param>
            <param index="5">
              <value>
                <![CDATA[29-05-2025]]>
              </value>
            </param>
            <param index="6">
              <value>
                <![CDATA[3]]>
              </value>
            </param>
            <param index="7">
              <value>
                <![CDATA[2]]>
              </value>
            </param>
            <param index="8">
              <value>
                <![CDATA[Empty checkin field]]>
              </value>
            </param>
            <param index="9">
              <value>
                <![CDATA[Please Select Check-In Date]]>
              </value>
            </param>
          </params>
          <reporter-output>
          </reporter-output>
        </test-method> <!-- SeachHotelTest -->
        <test-method is-config="true" signature="launchingbrowserandloadingURL(java.lang.String,java.lang.String)[pri:0, instance:test.TC_005SearchHotel@175c2241]" started-at="2025-04-02T23:27:03 IST" name="launchingbrowserandloadingURL" finished-at="2025-04-02T23:27:06 IST" duration-ms="3176" status="PASS">
          <params>
            <param index="0">
              <value>
                <![CDATA[https://adactinhotelapp.com/]]>
              </value>
            </param>
            <param index="1">
              <value>
                <![CDATA[Chrome]]>
              </value>
            </param>
          </params>
          <reporter-output>
          </reporter-output>
        </test-method> <!-- launchingbrowserandloadingURL -->
        <test-method signature="SeachHotelTest(java.lang.String,java.lang.String,java.lang.String,java.lang.String,java.lang.String,java.lang.String,java.lang.String,java.lang.String,java.lang.String,java.lang.String)[pri:0, instance:test.TC_005SearchHotel@175c2241]" started-at="2025-04-02T23:27:06 IST" name="SeachHotelTest" data-provider="readdata" finished-at="2025-04-02T23:27:08 IST" duration-ms="2013" status="PASS">
          <params>
            <param index="0">
              <value>
                <![CDATA[Los Angeles]]>
              </value>
            </param>
            <param index="1">
              <value>
                <![CDATA[]]>
              </value>
            </param>
            <param index="2">
              <value>
                <![CDATA[Super Deluxe]]>
              </value>
            </param>
            <param index="3">
              <value>
                <![CDATA[4]]>
              </value>
            </param>
            <param index="4">
              <value>
                <![CDATA[26-05-2025]]>
              </value>
            </param>
            <param index="5">
              <value>
                <![CDATA[]]>
              </value>
            </param>
            <param index="6">
              <value>
                <![CDATA[4]]>
              </value>
            </param>
            <param index="7">
              <value>
                <![CDATA[3]]>
              </value>
            </param>
            <param index="8">
              <value>
                <![CDATA[Empty checkout field]]>
              </value>
            </param>
            <param index="9">
              <value>
                <![CDATA[Please Select Check-Out Date]]>
              </value>
            </param>
          </params>
          <reporter-output>
          </reporter-output>
        </test-method> <!-- SeachHotelTest -->
        <test-method is-config="true" signature="launchingbrowserandloadingURL(java.lang.String,java.lang.String)[pri:0, instance:test.TC_005SearchHotel@175c2241]" started-at="2025-04-02T23:27:08 IST" name="launchingbrowserandloadingURL" finished-at="2025-04-02T23:27:12 IST" duration-ms="3288" status="PASS">
          <params>
            <param index="0">
              <value>
                <![CDATA[https://adactinhotelapp.com/]]>
              </value>
            </param>
            <param index="1">
              <value>
                <![CDATA[Chrome]]>
              </value>
            </param>
          </params>
          <reporter-output>
          </reporter-output>
        </test-method> <!-- launchingbrowserandloadingURL -->
        <test-method signature="SeachHotelTest(java.lang.String,java.lang.String,java.lang.String,java.lang.String,java.lang.String,java.lang.String,java.lang.String,java.lang.String,java.lang.String,java.lang.String)[pri:0, instance:test.TC_005SearchHotel@175c2241]" started-at="2025-04-02T23:27:12 IST" name="SeachHotelTest" data-provider="readdata" finished-at="2025-04-02T23:27:14 IST" duration-ms="2130" status="PASS">
          <params>
            <param index="0">
              <value>
                <![CDATA[Paris]]>
              </value>
            </param>
            <param index="1">
              <value>
                <![CDATA[]]>
              </value>
            </param>
            <param index="2">
              <value>
                <![CDATA[]]>
              </value>
            </param>
            <param index="3">
              <value>
                <![CDATA[8]]>
              </value>
            </param>
            <param index="4">
              <value>
                <![CDATA[22-05-2025]]>
              </value>
            </param>
            <param index="5">
              <value>
                <![CDATA[21-05-2025]]>
              </value>
            </param>
            <param index="6">
              <value>
                <![CDATA[]]>
              </value>
            </param>
            <param index="7">
              <value>
                <![CDATA[4]]>
              </value>
            </param>
            <param index="8">
              <value>
                <![CDATA[Empty adult per room field]]>
              </value>
            </param>
            <param index="9">
              <value>
                <![CDATA[Please Select Adults per Room]]>
              </value>
            </param>
          </params>
          <reporter-output>
          </reporter-output>
        </test-method> <!-- SeachHotelTest -->
        <test-method is-config="true" signature="launchingbrowserandloadingURL(java.lang.String,java.lang.String)[pri:0, instance:test.TC_005SearchHotel@175c2241]" started-at="2025-04-02T23:27:14 IST" name="launchingbrowserandloadingURL" finished-at="2025-04-02T23:27:18 IST" duration-ms="3676" status="PASS">
          <params>
            <param index="0">
              <value>
                <![CDATA[https://adactinhotelapp.com/]]>
              </value>
            </param>
            <param index="1">
              <value>
                <![CDATA[Chrome]]>
              </value>
            </param>
          </params>
          <reporter-output>
          </reporter-output>
        </test-method> <!-- launchingbrowserandloadingURL -->
        <test-method signature="SeachHotelTest(java.lang.String,java.lang.String,java.lang.String,java.lang.String,java.lang.String,java.lang.String,java.lang.String,java.lang.String,java.lang.String,java.lang.String)[pri:0, instance:test.TC_005SearchHotel@175c2241]" started-at="2025-04-02T23:27:18 IST" name="SeachHotelTest" data-provider="readdata" finished-at="2025-04-02T23:27:20 IST" duration-ms="1934" status="PASS">
          <params>
            <param index="0">
              <value>
                <![CDATA[Sydney]]>
              </value>
            </param>
            <param index="1">
              <value>
                <![CDATA[]]>
              </value>
            </param>
            <param index="2">
              <value>
                <![CDATA[]]>
              </value>
            </param>
            <param index="3">
              <value>
                <![CDATA[1]]>
              </value>
            </param>
            <param index="4">
              <value>
                <![CDATA[11-04-2025]]>
              </value>
            </param>
            <param index="5">
              <value>
                <![CDATA[09-04-2025]]>
              </value>
            </param>
            <param index="6">
              <value>
                <![CDATA[4]]>
              </value>
            </param>
            <param index="7">
              <value>
                <![CDATA[0]]>
              </value>
            </param>
            <param index="8">
              <value>
                <![CDATA[Enter the checkout date befor checkindate]]>
              </value>
            </param>
            <param index="9">
              <value>
                <![CDATA[Check-In Date shall be before than Check-Out Date]]>
              </value>
            </param>
          </params>
          <reporter-output>
          </reporter-output>
        </test-method> <!-- SeachHotelTest -->
        <test-method is-config="true" signature="launchingbrowserandloadingURL(java.lang.String,java.lang.String)[pri:0, instance:test.TC_005SearchHotel@175c2241]" started-at="2025-04-02T23:27:20 IST" name="launchingbrowserandloadingURL" finished-at="2025-04-02T23:27:23 IST" duration-ms="3588" status="PASS">
          <params>
            <param index="0">
              <value>
                <![CDATA[https://adactinhotelapp.com/]]>
              </value>
            </param>
            <param index="1">
              <value>
                <![CDATA[Chrome]]>
              </value>
            </param>
          </params>
          <reporter-output>
          </reporter-output>
        </test-method> <!-- launchingbrowserandloadingURL -->
        <test-method signature="SeachHotelTest(java.lang.String,java.lang.String,java.lang.String,java.lang.String,java.lang.String,java.lang.String,java.lang.String,java.lang.String,java.lang.String,java.lang.String)[pri:0, instance:test.TC_005SearchHotel@175c2241]" started-at="2025-04-02T23:27:23 IST" name="SeachHotelTest" data-provider="readdata" finished-at="2025-04-02T23:27:26 IST" duration-ms="2380" status="PASS">
          <params>
            <param index="0">
              <value>
                <![CDATA[New York]]>
              </value>
            </param>
            <param index="1">
              <value>
                <![CDATA[Hotel Sunshine]]>
              </value>
            </param>
            <param index="2">
              <value>
                <![CDATA[Double]]>
              </value>
            </param>
            <param index="3">
              <value>
                <![CDATA[3]]>
              </value>
            </param>
            <param index="4">
              <value>
                <![CDATA[05-05-2025]]>
              </value>
            </param>
            <param index="5">
              <value>
                <![CDATA[10-05-2025]]>
              </value>
            </param>
            <param index="6">
              <value>
                <![CDATA[3]]>
              </value>
            </param>
            <param index="7">
              <value>
                <![CDATA[3]]>
              </value>
            </param>
            <param index="8">
              <value>
                <![CDATA[valid  data]]>
              </value>
            </param>
            <param index="9">
              <value>
                <![CDATA[Select Hotel]]>
              </value>
            </param>
          </params>
          <reporter-output>
          </reporter-output>
        </test-method> <!-- SeachHotelTest -->
        <test-method is-config="true" signature="launchingbrowserandloadingURL(java.lang.String,java.lang.String)[pri:0, instance:test.TC_005SearchHotel@175c2241]" started-at="2025-04-02T23:27:26 IST" name="launchingbrowserandloadingURL" finished-at="2025-04-02T23:27:29 IST" duration-ms="3535" status="PASS">
          <params>
            <param index="0">
              <value>
                <![CDATA[https://adactinhotelapp.com/]]>
              </value>
            </param>
            <param index="1">
              <value>
                <![CDATA[Chrome]]>
              </value>
            </param>
          </params>
          <reporter-output>
          </reporter-output>
        </test-method> <!-- launchingbrowserandloadingURL -->
        <test-method signature="SeachHotelTest(java.lang.String,java.lang.String,java.lang.String,java.lang.String,java.lang.String,java.lang.String,java.lang.String,java.lang.String,java.lang.String,java.lang.String)[pri:0, instance:test.TC_005SearchHotel@175c2241]" started-at="2025-04-02T23:27:29 IST" name="SeachHotelTest" data-provider="readdata" finished-at="2025-04-02T23:27:31 IST" duration-ms="1814" status="PASS">
          <params>
            <param index="0">
              <value>
                <![CDATA[Adelaide]]>
              </value>
            </param>
            <param index="1">
              <value>
                <![CDATA[]]>
              </value>
            </param>
            <param index="2">
              <value>
                <![CDATA[]]>
              </value>
            </param>
            <param index="3">
              <value>
                <![CDATA[2]]>
              </value>
            </param>
            <param index="4">
              <value>
                <![CDATA[34/05/2025]]>
              </value>
            </param>
            <param index="5">
              <value>
                <![CDATA[38/05/2025]]>
              </value>
            </param>
            <param index="6">
              <value>
                <![CDATA[3]]>
              </value>
            </param>
            <param index="7">
              <value>
                <![CDATA[0]]>
              </value>
            </param>
            <param index="8">
              <value>
                <![CDATA[valid data]]>
              </value>
            </param>
            <param index="9">
              <value>
                <![CDATA[Select Hotel]]>
              </value>
            </param>
          </params>
          <reporter-output>
          </reporter-output>
        </test-method> <!-- SeachHotelTest -->
        <test-method is-config="true" signature="reportClose()[pri:0, instance:test.TC_005SearchHotel@175c2241]" started-at="2025-04-02T23:27:31 IST" name="reportClose" finished-at="2025-04-02T23:27:32 IST" duration-ms="138" status="PASS">
          <reporter-output>
          </reporter-output>
        </test-method> <!-- reportClose -->
      </class> <!-- test.TC_005SearchHotel -->
    </test> <!-- Test -->
  </suite> <!-- Suite (2) -->
</testng-results>
