<?xml version="1.0" encoding="UTF-8"?>
<testng-results ignored="0" total="45" passed="43" failed="2" skipped="0">
  <reporter-output>
  </reporter-output>
  <suite started-at="2025-04-02T20:19:38 IST" name="Suite" finished-at="2025-04-02T20:28:08 IST" duration-ms="510425">
    <groups>
    </groups>
    <test started-at="2025-04-02T20:19:38 IST" name="Test" finished-at="2025-04-02T20:28:08 IST" duration-ms="510425">
      <class name="test.TC_007BookItinerary">
        <test-method is-config="true" signature="setup()[pri:0, instance:test.TC_007BookItinerary@131ef10]" started-at="2025-04-02T20:19:38 IST" name="setup" finished-at="2025-04-02T20:19:38 IST" duration-ms="0" status="PASS">
          <reporter-output>
          </reporter-output>
        </test-method> <!-- setup -->
        <test-method is-config="true" signature="testDetails()[pri:0, instance:test.TC_007BookItinerary@131ef10]" started-at="2025-04-02T20:25:12 IST" name="testDetails" finished-at="2025-04-02T20:25:12 IST" duration-ms="0" status="PASS">
          <reporter-output>
          </reporter-output>
        </test-method> <!-- testDetails -->
        <test-method is-config="true" signature="launchingbrowserandloadingURL(java.lang.String,java.lang.String)[pri:0, instance:test.TC_007BookItinerary@131ef10]" started-at="2025-04-02T20:25:13 IST" name="launchingbrowserandloadingURL" finished-at="2025-04-02T20:25:17 IST" duration-ms="4338" status="PASS">
          <params>
            <param index="0">
              <value>
                <![CDATA[https://adactinhotelapp.com/]]>
              </value>
            </param>
            <param index="1">
              <value>
                <![CDATA[Chrome]]>
              </value>
            </param>
          </params>
          <reporter-output>
          </reporter-output>
        </test-method> <!-- launchingbrowserandloadingURL -->
        <test-method signature="booking(java.lang.String,java.lang.String,java.lang.String,java.lang.String,java.lang.String,java.lang.String,java.lang.String,java.lang.String)[pri:0, instance:test.TC_007BookItinerary@131ef10]" started-at="2025-04-02T20:25:17 IST" name="booking" data-provider="readdata" finished-at="2025-04-02T20:26:36 IST" duration-ms="78646" status="PASS">
          <params>
            <param index="0">
              <value>
                <![CDATA[hetwik]]>
              </value>
            </param>
            <param index="1">
              <value>
                <![CDATA[josh]]>
              </value>
            </param>
            <param index="2">
              <value>
                <![CDATA[coimbatore]]>
              </value>
            </param>
            <param index="3">
              <value>
                <![CDATA[1486450828942870]]>
              </value>
            </param>
            <param index="4">
              <value>
                <![CDATA[American Express]]>
              </value>
            </param>
            <param index="5">
              <value>
                <![CDATA[October]]>
              </value>
            </param>
            <param index="6">
              <value>
                <![CDATA[2028]]>
              </value>
            </param>
            <param index="7">
              <value>
                <![CDATA[876]]>
              </value>
            </param>
          </params>
          <reporter-output>
          </reporter-output>
        </test-method> <!-- booking -->
      </class> <!-- test.TC_007BookItinerary -->
      <class name="test.TC_003Login">
        <test-method is-config="true" signature="setup()[pri:0, instance:test.TC_003Login@41a2befb]" started-at="2025-04-02T20:19:38 IST" name="setup" finished-at="2025-04-02T20:19:38 IST" duration-ms="0" status="PASS">
          <reporter-output>
          </reporter-output>
        </test-method> <!-- setup -->
        <test-method is-config="true" signature="testDetails()[pri:0, instance:test.TC_003Login@41a2befb]" started-at="2025-04-02T20:22:20 IST" name="testDetails" finished-at="2025-04-02T20:22:20 IST" duration-ms="0" status="PASS">
          <reporter-output>
          </reporter-output>
        </test-method> <!-- testDetails -->
        <test-method is-config="true" signature="launchingbrowserandloadingURL(java.lang.String,java.lang.String)[pri:0, instance:test.TC_003Login@41a2befb]" started-at="2025-04-02T20:22:20 IST" name="launchingbrowserandloadingURL" finished-at="2025-04-02T20:22:24 IST" duration-ms="3449" status="PASS">
          <params>
            <param index="0">
              <value>
                <![CDATA[https://adactinhotelapp.com/]]>
              </value>
            </param>
            <param index="1">
              <value>
                <![CDATA[Chrome]]>
              </value>
            </param>
          </params>
          <reporter-output>
          </reporter-output>
        </test-method> <!-- launchingbrowserandloadingURL -->
        <test-method signature="userRegistration(java.lang.String,java.lang.String,java.lang.String,java.lang.String)[pri:0, instance:test.TC_003Login@41a2befb]" started-at="2025-04-02T20:22:24 IST" name="userRegistration" data-provider="readdata" finished-at="2025-04-02T20:22:25 IST" duration-ms="879" status="PASS">
          <params>
            <param index="0">
              <value>
                <![CDATA[vihansankar]]>
              </value>
            </param>
            <param index="1">
              <value>
                <![CDATA[vihan123]]>
              </value>
            </param>
            <param index="2">
              <value>
                <![CDATA[valid name valid password]]>
              </value>
            </param>
            <param index="3">
              <value>
                <![CDATA[Welcome to Adactin Group of Hotels]]>
              </value>
            </param>
          </params>
          <reporter-output>
          </reporter-output>
        </test-method> <!-- userRegistration -->
        <test-method is-config="true" signature="launchingbrowserandloadingURL(java.lang.String,java.lang.String)[pri:0, instance:test.TC_003Login@41a2befb]" started-at="2025-04-02T20:22:25 IST" name="launchingbrowserandloadingURL" finished-at="2025-04-02T20:22:28 IST" duration-ms="3089" status="PASS">
          <params>
            <param index="0">
              <value>
                <![CDATA[https://adactinhotelapp.com/]]>
              </value>
            </param>
            <param index="1">
              <value>
                <![CDATA[Chrome]]>
              </value>
            </param>
          </params>
          <reporter-output>
          </reporter-output>
        </test-method> <!-- launchingbrowserandloadingURL -->
        <test-method signature="userRegistration(java.lang.String,java.lang.String,java.lang.String,java.lang.String)[pri:0, instance:test.TC_003Login@41a2befb]" started-at="2025-04-02T20:22:28 IST" name="userRegistration" data-provider="readdata" finished-at="2025-04-02T20:22:28 IST" duration-ms="456" status="PASS">
          <params>
            <param index="0">
              <value>
                <![CDATA[]]>
              </value>
            </param>
            <param index="1">
              <value>
                <![CDATA[vihan123]]>
              </value>
            </param>
            <param index="2">
              <value>
                <![CDATA[empty name field and valid password]]>
              </value>
            </param>
            <param index="3">
              <value>
                <![CDATA[Enter Username]]>
              </value>
            </param>
          </params>
          <reporter-output>
          </reporter-output>
        </test-method> <!-- userRegistration -->
        <test-method is-config="true" signature="launchingbrowserandloadingURL(java.lang.String,java.lang.String)[pri:0, instance:test.TC_003Login@41a2befb]" started-at="2025-04-02T20:22:29 IST" name="launchingbrowserandloadingURL" finished-at="2025-04-02T20:22:32 IST" duration-ms="3849" status="PASS">
          <params>
            <param index="0">
              <value>
                <![CDATA[https://adactinhotelapp.com/]]>
              </value>
            </param>
            <param index="1">
              <value>
                <![CDATA[Chrome]]>
              </value>
            </param>
          </params>
          <reporter-output>
          </reporter-output>
        </test-method> <!-- launchingbrowserandloadingURL -->
        <test-method signature="userRegistration(java.lang.String,java.lang.String,java.lang.String,java.lang.String)[pri:0, instance:test.TC_003Login@41a2befb]" started-at="2025-04-02T20:22:32 IST" name="userRegistration" data-provider="readdata" finished-at="2025-04-02T20:22:33 IST" duration-ms="263" status="PASS">
          <params>
            <param index="0">
              <value>
                <![CDATA[vihansankar]]>
              </value>
            </param>
            <param index="1">
              <value>
                <![CDATA[]]>
              </value>
            </param>
            <param index="2">
              <value>
                <![CDATA[valid name  empty password field]]>
              </value>
            </param>
            <param index="3">
              <value>
                <![CDATA[Enter Password]]>
              </value>
            </param>
          </params>
          <reporter-output>
          </reporter-output>
        </test-method> <!-- userRegistration -->
        <test-method is-config="true" signature="launchingbrowserandloadingURL(java.lang.String,java.lang.String)[pri:0, instance:test.TC_003Login@41a2befb]" started-at="2025-04-02T20:22:33 IST" name="launchingbrowserandloadingURL" finished-at="2025-04-02T20:22:37 IST" duration-ms="3939" status="PASS">
          <params>
            <param index="0">
              <value>
                <![CDATA[https://adactinhotelapp.com/]]>
              </value>
            </param>
            <param index="1">
              <value>
                <![CDATA[Chrome]]>
              </value>
            </param>
          </params>
          <reporter-output>
          </reporter-output>
        </test-method> <!-- launchingbrowserandloadingURL -->
        <test-method signature="userRegistration(java.lang.String,java.lang.String,java.lang.String,java.lang.String)[pri:0, instance:test.TC_003Login@41a2befb]" started-at="2025-04-02T20:22:37 IST" name="userRegistration" data-provider="readdata" finished-at="2025-04-02T20:22:38 IST" duration-ms="881" status="PASS">
          <params>
            <param index="0">
              <value>
                <![CDATA[gukeshvar]]>
              </value>
            </param>
            <param index="1">
              <value>
                <![CDATA[gukesh]]>
              </value>
            </param>
            <param index="2">
              <value>
                <![CDATA[invalid user name]]>
              </value>
            </param>
            <param index="3">
              <value>
                <![CDATA[Invalid Login details or Your Password might have expired. Click here to reset your password]]>
              </value>
            </param>
          </params>
          <reporter-output>
          </reporter-output>
        </test-method> <!-- userRegistration -->
        <test-method is-config="true" signature="launchingbrowserandloadingURL(java.lang.String,java.lang.String)[pri:0, instance:test.TC_003Login@41a2befb]" started-at="2025-04-02T20:22:38 IST" name="launchingbrowserandloadingURL" finished-at="2025-04-02T20:22:43 IST" duration-ms="4727" status="PASS">
          <params>
            <param index="0">
              <value>
                <![CDATA[https://adactinhotelapp.com/]]>
              </value>
            </param>
            <param index="1">
              <value>
                <![CDATA[Chrome]]>
              </value>
            </param>
          </params>
          <reporter-output>
          </reporter-output>
        </test-method> <!-- launchingbrowserandloadingURL -->
        <test-method signature="userRegistration(java.lang.String,java.lang.String,java.lang.String,java.lang.String)[pri:0, instance:test.TC_003Login@41a2befb]" started-at="2025-04-02T20:22:43 IST" name="userRegistration" data-provider="readdata" finished-at="2025-04-02T20:22:43 IST" duration-ms="376" status="PASS">
          <params>
            <param index="0">
              <value>
                <![CDATA[]]>
              </value>
            </param>
            <param index="1">
              <value>
                <![CDATA[]]>
              </value>
            </param>
            <param index="2">
              <value>
                <![CDATA[empty user and empty password field]]>
              </value>
            </param>
            <param index="3">
              <value>
                <![CDATA[Enter Username]]>
              </value>
            </param>
          </params>
          <reporter-output>
          </reporter-output>
        </test-method> <!-- userRegistration -->
        <test-method is-config="true" signature="launchingbrowserandloadingURL(java.lang.String,java.lang.String)[pri:0, instance:test.TC_003Login@41a2befb]" started-at="2025-04-02T20:22:43 IST" name="launchingbrowserandloadingURL" finished-at="2025-04-02T20:22:48 IST" duration-ms="4261" status="PASS">
          <params>
            <param index="0">
              <value>
                <![CDATA[https://adactinhotelapp.com/]]>
              </value>
            </param>
            <param index="1">
              <value>
                <![CDATA[Chrome]]>
              </value>
            </param>
          </params>
          <reporter-output>
          </reporter-output>
        </test-method> <!-- launchingbrowserandloadingURL -->
        <test-method signature="userRegistration(java.lang.String,java.lang.String,java.lang.String,java.lang.String)[pri:0, instance:test.TC_003Login@41a2befb]" started-at="2025-04-02T20:22:48 IST" name="userRegistration" data-provider="readdata" finished-at="2025-04-02T20:22:48 IST" duration-ms="534" status="PASS">
          <params>
            <param index="0">
              <value>
                <![CDATA[vihansankar]]>
              </value>
            </param>
            <param index="1">
              <value>
                <![CDATA[viha]]>
              </value>
            </param>
            <param index="2">
              <value>
                <![CDATA[valid name invalid password]]>
              </value>
            </param>
            <param index="3">
              <value>
                <![CDATA[Invalid Login details or Your Password might have expired. Click here to reset your password]]>
              </value>
            </param>
          </params>
          <reporter-output>
          </reporter-output>
        </test-method> <!-- userRegistration -->
      </class> <!-- test.TC_003Login -->
      <class name="test.TC_004ForgotPassword">
        <test-method is-config="true" signature="setup()[pri:0, instance:test.TC_004ForgotPassword@2df3b89c]" started-at="2025-04-02T20:19:38 IST" name="setup" finished-at="2025-04-02T20:19:38 IST" duration-ms="0" status="PASS">
          <reporter-output>
          </reporter-output>
        </test-method> <!-- setup -->
        <test-method is-config="true" signature="testDetails()[pri:0, instance:test.TC_004ForgotPassword@2df3b89c]" started-at="2025-04-02T20:27:37 IST" name="testDetails" finished-at="2025-04-02T20:27:37 IST" duration-ms="0" status="PASS">
          <reporter-output>
          </reporter-output>
        </test-method> <!-- testDetails -->
        <test-method is-config="true" signature="launchingbrowserandloadingURL(java.lang.String,java.lang.String)[pri:0, instance:test.TC_004ForgotPassword@2df3b89c]" started-at="2025-04-02T20:27:38 IST" name="launchingbrowserandloadingURL" finished-at="2025-04-02T20:27:41 IST" duration-ms="3214" status="PASS">
          <params>
            <param index="0">
              <value>
                <![CDATA[https://adactinhotelapp.com/]]>
              </value>
            </param>
            <param index="1">
              <value>
                <![CDATA[Chrome]]>
              </value>
            </param>
          </params>
          <reporter-output>
          </reporter-output>
        </test-method> <!-- launchingbrowserandloadingURL -->
        <test-method signature="ForgotpasswordTest(java.lang.String,java.lang.String,java.lang.String)[pri:0, instance:test.TC_004ForgotPassword@2df3b89c]" started-at="2025-04-02T20:27:41 IST" name="ForgotpasswordTest" data-provider="readdata" finished-at="2025-04-02T20:27:50 IST" duration-ms="9404" status="PASS">
          <params>
            <param index="0">
              <value>
                <![CDATA[vihansankar@kmail.com]]>
              </value>
            </param>
            <param index="1">
              <value>
                <![CDATA[invalid email]]>
              </value>
            </param>
            <param index="2">
              <value>
                <![CDATA[Email Address does not exsit in database]]>
              </value>
            </param>
          </params>
          <reporter-output>
          </reporter-output>
        </test-method> <!-- ForgotpasswordTest -->
        <test-method is-config="true" signature="launchingbrowserandloadingURL(java.lang.String,java.lang.String)[pri:0, instance:test.TC_004ForgotPassword@2df3b89c]" started-at="2025-04-02T20:27:50 IST" name="launchingbrowserandloadingURL" finished-at="2025-04-02T20:27:54 IST" duration-ms="3381" status="PASS">
          <params>
            <param index="0">
              <value>
                <![CDATA[https://adactinhotelapp.com/]]>
              </value>
            </param>
            <param index="1">
              <value>
                <![CDATA[Chrome]]>
              </value>
            </param>
          </params>
          <reporter-output>
          </reporter-output>
        </test-method> <!-- launchingbrowserandloadingURL -->
        <test-method signature="ForgotpasswordTest(java.lang.String,java.lang.String,java.lang.String)[pri:0, instance:test.TC_004ForgotPassword@2df3b89c]" started-at="2025-04-02T20:27:54 IST" name="ForgotpasswordTest" data-provider="readdata" finished-at="2025-04-02T20:27:56 IST" duration-ms="2174" status="PASS">
          <params>
            <param index="0">
              <value>
                <![CDATA[]]>
              </value>
            </param>
            <param index="1">
              <value>
                <![CDATA[empty email field]]>
              </value>
            </param>
            <param index="2">
              <value>
                <![CDATA[Email Address is Empty]]>
              </value>
            </param>
          </params>
          <reporter-output>
          </reporter-output>
        </test-method> <!-- ForgotpasswordTest -->
        <test-method is-config="true" signature="launchingbrowserandloadingURL(java.lang.String,java.lang.String)[pri:0, instance:test.TC_004ForgotPassword@2df3b89c]" started-at="2025-04-02T20:27:56 IST" name="launchingbrowserandloadingURL" finished-at="2025-04-02T20:28:00 IST" duration-ms="4267" status="PASS">
          <params>
            <param index="0">
              <value>
                <![CDATA[https://adactinhotelapp.com/]]>
              </value>
            </param>
            <param index="1">
              <value>
                <![CDATA[Chrome]]>
              </value>
            </param>
          </params>
          <reporter-output>
          </reporter-output>
        </test-method> <!-- launchingbrowserandloadingURL -->
        <test-method signature="ForgotpasswordTest(java.lang.String,java.lang.String,java.lang.String)[pri:0, instance:test.TC_004ForgotPassword@2df3b89c]" started-at="2025-04-02T20:28:00 IST" name="ForgotpasswordTest" data-provider="readdata" finished-at="2025-04-02T20:28:08 IST" duration-ms="8008" status="PASS">
          <params>
            <param index="0">
              <value>
                <![CDATA[jeyasrie1991@gmail.com]]>
              </value>
            </param>
            <param index="1">
              <value>
                <![CDATA[valid email]]>
              </value>
            </param>
            <param index="2">
              <value>
                <![CDATA[Click here to login]]>
              </value>
            </param>
          </params>
          <reporter-output>
          </reporter-output>
        </test-method> <!-- ForgotpasswordTest -->
      </class> <!-- test.TC_004ForgotPassword -->
      <class name="test.TC_005SearchHotel">
        <test-method is-config="true" signature="setup()[pri:0, instance:test.TC_005SearchHotel@6c40365c]" started-at="2025-04-02T20:19:38 IST" name="setup" finished-at="2025-04-02T20:19:38 IST" duration-ms="0" status="PASS">
          <reporter-output>
          </reporter-output>
        </test-method> <!-- setup -->
        <test-method is-config="true" signature="testDetails()[pri:0, instance:test.TC_005SearchHotel@6c40365c]" started-at="2025-04-02T20:22:48 IST" name="testDetails" finished-at="2025-04-02T20:22:48 IST" duration-ms="2" status="PASS">
          <reporter-output>
          </reporter-output>
        </test-method> <!-- testDetails -->
        <test-method is-config="true" signature="launchingbrowserandloadingURL(java.lang.String,java.lang.String)[pri:0, instance:test.TC_005SearchHotel@6c40365c]" started-at="2025-04-02T20:22:49 IST" name="launchingbrowserandloadingURL" finished-at="2025-04-02T20:22:52 IST" duration-ms="3490" status="PASS">
          <params>
            <param index="0">
              <value>
                <![CDATA[https://adactinhotelapp.com/]]>
              </value>
            </param>
            <param index="1">
              <value>
                <![CDATA[Chrome]]>
              </value>
            </param>
          </params>
          <reporter-output>
          </reporter-output>
        </test-method> <!-- launchingbrowserandloadingURL -->
        <test-method signature="SeachHotelTest(java.lang.String,java.lang.String,java.lang.String,java.lang.String,java.lang.String,java.lang.String,java.lang.String,java.lang.String,java.lang.String,java.lang.String)[pri:0, instance:test.TC_005SearchHotel@6c40365c]" started-at="2025-04-02T20:22:52 IST" name="SeachHotelTest" data-provider="readdata" finished-at="2025-04-02T20:22:55 IST" duration-ms="2653" status="PASS">
          <params>
            <param index="0">
              <value>
                <![CDATA[]]>
              </value>
            </param>
            <param index="1">
              <value>
                <![CDATA[]]>
              </value>
            </param>
            <param index="2">
              <value>
                <![CDATA[]]>
              </value>
            </param>
            <param index="3">
              <value>
                <![CDATA[]]>
              </value>
            </param>
            <param index="4">
              <value>
                <![CDATA[]]>
              </value>
            </param>
            <param index="5">
              <value>
                <![CDATA[]]>
              </value>
            </param>
            <param index="6">
              <value>
                <![CDATA[]]>
              </value>
            </param>
            <param index="7">
              <value>
                <![CDATA[0]]>
              </value>
            </param>
            <param index="8">
              <value>
                <![CDATA[All Field Empty]]>
              </value>
            </param>
            <param index="9">
              <value>
                <![CDATA[(Fields marked with Red asterix (*) are mandatory)]]>
              </value>
            </param>
          </params>
          <reporter-output>
          </reporter-output>
        </test-method> <!-- SeachHotelTest -->
        <test-method is-config="true" signature="launchingbrowserandloadingURL(java.lang.String,java.lang.String)[pri:0, instance:test.TC_005SearchHotel@6c40365c]" started-at="2025-04-02T20:22:55 IST" name="launchingbrowserandloadingURL" finished-at="2025-04-02T20:22:59 IST" duration-ms="4498" status="PASS">
          <params>
            <param index="0">
              <value>
                <![CDATA[https://adactinhotelapp.com/]]>
              </value>
            </param>
            <param index="1">
              <value>
                <![CDATA[Chrome]]>
              </value>
            </param>
          </params>
          <reporter-output>
          </reporter-output>
        </test-method> <!-- launchingbrowserandloadingURL -->
        <test-method signature="SeachHotelTest(java.lang.String,java.lang.String,java.lang.String,java.lang.String,java.lang.String,java.lang.String,java.lang.String,java.lang.String,java.lang.String,java.lang.String)[pri:0, instance:test.TC_005SearchHotel@6c40365c]" started-at="2025-04-02T20:22:59 IST" name="SeachHotelTest" data-provider="readdata" finished-at="2025-04-02T20:23:04 IST" duration-ms="4603" status="PASS">
          <params>
            <param index="0">
              <value>
                <![CDATA[]]>
              </value>
            </param>
            <param index="1">
              <value>
                <![CDATA[Hotel Creek]]>
              </value>
            </param>
            <param index="2">
              <value>
                <![CDATA[Standard]]>
              </value>
            </param>
            <param index="3">
              <value>
                <![CDATA[2]]>
              </value>
            </param>
            <param index="4">
              <value>
                <![CDATA[20-05-2025]]>
              </value>
            </param>
            <param index="5">
              <value>
                <![CDATA[26-05-2025]]>
              </value>
            </param>
            <param index="6">
              <value>
                <![CDATA[2]]>
              </value>
            </param>
            <param index="7">
              <value>
                <![CDATA[0]]>
              </value>
            </param>
            <param index="8">
              <value>
                <![CDATA[Empty location field]]>
              </value>
            </param>
            <param index="9">
              <value>
                <![CDATA[Please Select a Location]]>
              </value>
            </param>
          </params>
          <reporter-output>
          </reporter-output>
        </test-method> <!-- SeachHotelTest -->
        <test-method is-config="true" signature="launchingbrowserandloadingURL(java.lang.String,java.lang.String)[pri:0, instance:test.TC_005SearchHotel@6c40365c]" started-at="2025-04-02T20:23:04 IST" name="launchingbrowserandloadingURL" finished-at="2025-04-02T20:23:08 IST" duration-ms="3621" status="PASS">
          <params>
            <param index="0">
              <value>
                <![CDATA[https://adactinhotelapp.com/]]>
              </value>
            </param>
            <param index="1">
              <value>
                <![CDATA[Chrome]]>
              </value>
            </param>
          </params>
          <reporter-output>
          </reporter-output>
        </test-method> <!-- launchingbrowserandloadingURL -->
        <test-method signature="SeachHotelTest(java.lang.String,java.lang.String,java.lang.String,java.lang.String,java.lang.String,java.lang.String,java.lang.String,java.lang.String,java.lang.String,java.lang.String)[pri:0, instance:test.TC_005SearchHotel@6c40365c]" started-at="2025-04-02T20:23:08 IST" name="SeachHotelTest" data-provider="readdata" finished-at="2025-04-02T20:23:11 IST" duration-ms="3541" status="PASS">
          <params>
            <param index="0">
              <value>
                <![CDATA[Melbourne]]>
              </value>
            </param>
            <param index="1">
              <value>
                <![CDATA[]]>
              </value>
            </param>
            <param index="2">
              <value>
                <![CDATA[]]>
              </value>
            </param>
            <param index="3">
              <value>
                <![CDATA[]]>
              </value>
            </param>
            <param index="4">
              <value>
                <![CDATA[21-05-2025]]>
              </value>
            </param>
            <param index="5">
              <value>
                <![CDATA[27-05-2025]]>
              </value>
            </param>
            <param index="6">
              <value>
                <![CDATA[3]]>
              </value>
            </param>
            <param index="7">
              <value>
                <![CDATA[1]]>
              </value>
            </param>
            <param index="8">
              <value>
                <![CDATA[Empty number of  rooms field]]>
              </value>
            </param>
            <param index="9">
              <value>
                <![CDATA[Please Select Total Number of Rooms]]>
              </value>
            </param>
          </params>
          <reporter-output>
          </reporter-output>
        </test-method> <!-- SeachHotelTest -->
        <test-method is-config="true" signature="launchingbrowserandloadingURL(java.lang.String,java.lang.String)[pri:0, instance:test.TC_005SearchHotel@6c40365c]" started-at="2025-04-02T20:23:12 IST" name="launchingbrowserandloadingURL" finished-at="2025-04-02T20:23:15 IST" duration-ms="3875" status="PASS">
          <params>
            <param index="0">
              <value>
                <![CDATA[https://adactinhotelapp.com/]]>
              </value>
            </param>
            <param index="1">
              <value>
                <![CDATA[Chrome]]>
              </value>
            </param>
          </params>
          <reporter-output>
          </reporter-output>
        </test-method> <!-- launchingbrowserandloadingURL -->
        <test-method signature="SeachHotelTest(java.lang.String,java.lang.String,java.lang.String,java.lang.String,java.lang.String,java.lang.String,java.lang.String,java.lang.String,java.lang.String,java.lang.String)[pri:0, instance:test.TC_005SearchHotel@6c40365c]" started-at="2025-04-02T20:23:15 IST" name="SeachHotelTest" data-provider="readdata" finished-at="2025-04-02T20:23:18 IST" duration-ms="2300" status="PASS">
          <params>
            <param index="0">
              <value>
                <![CDATA[Brisbane]]>
              </value>
            </param>
            <param index="1">
              <value>
                <![CDATA[Hotel Cornice]]>
              </value>
            </param>
            <param index="2">
              <value>
                <![CDATA[Deluxe]]>
              </value>
            </param>
            <param index="3">
              <value>
                <![CDATA[6]]>
              </value>
            </param>
            <param index="4">
              <value>
                <![CDATA[]]>
              </value>
            </param>
            <param index="5">
              <value>
                <![CDATA[29-05-2025]]>
              </value>
            </param>
            <param index="6">
              <value>
                <![CDATA[3]]>
              </value>
            </param>
            <param index="7">
              <value>
                <![CDATA[2]]>
              </value>
            </param>
            <param index="8">
              <value>
                <![CDATA[Empty checkin field]]>
              </value>
            </param>
            <param index="9">
              <value>
                <![CDATA[Please Select Check-In Date]]>
              </value>
            </param>
          </params>
          <reporter-output>
          </reporter-output>
        </test-method> <!-- SeachHotelTest -->
        <test-method is-config="true" signature="launchingbrowserandloadingURL(java.lang.String,java.lang.String)[pri:0, instance:test.TC_005SearchHotel@6c40365c]" started-at="2025-04-02T20:23:18 IST" name="launchingbrowserandloadingURL" finished-at="2025-04-02T20:23:22 IST" duration-ms="4081" status="PASS">
          <params>
            <param index="0">
              <value>
                <![CDATA[https://adactinhotelapp.com/]]>
              </value>
            </param>
            <param index="1">
              <value>
                <![CDATA[Chrome]]>
              </value>
            </param>
          </params>
          <reporter-output>
          </reporter-output>
        </test-method> <!-- launchingbrowserandloadingURL -->
        <test-method signature="SeachHotelTest(java.lang.String,java.lang.String,java.lang.String,java.lang.String,java.lang.String,java.lang.String,java.lang.String,java.lang.String,java.lang.String,java.lang.String)[pri:0, instance:test.TC_005SearchHotel@6c40365c]" started-at="2025-04-02T20:23:22 IST" name="SeachHotelTest" data-provider="readdata" finished-at="2025-04-02T20:23:24 IST" duration-ms="2265" status="PASS">
          <params>
            <param index="0">
              <value>
                <![CDATA[Los Angeles]]>
              </value>
            </param>
            <param index="1">
              <value>
                <![CDATA[]]>
              </value>
            </param>
            <param index="2">
              <value>
                <![CDATA[Super Deluxe]]>
              </value>
            </param>
            <param index="3">
              <value>
                <![CDATA[4]]>
              </value>
            </param>
            <param index="4">
              <value>
                <![CDATA[26-05-2025]]>
              </value>
            </param>
            <param index="5">
              <value>
                <![CDATA[]]>
              </value>
            </param>
            <param index="6">
              <value>
                <![CDATA[4]]>
              </value>
            </param>
            <param index="7">
              <value>
                <![CDATA[3]]>
              </value>
            </param>
            <param index="8">
              <value>
                <![CDATA[Empty checkout field]]>
              </value>
            </param>
            <param index="9">
              <value>
                <![CDATA[Please Select Check-Out Date]]>
              </value>
            </param>
          </params>
          <reporter-output>
          </reporter-output>
        </test-method> <!-- SeachHotelTest -->
        <test-method is-config="true" signature="launchingbrowserandloadingURL(java.lang.String,java.lang.String)[pri:0, instance:test.TC_005SearchHotel@6c40365c]" started-at="2025-04-02T20:23:24 IST" name="launchingbrowserandloadingURL" finished-at="2025-04-02T20:23:28 IST" duration-ms="3439" status="PASS">
          <params>
            <param index="0">
              <value>
                <![CDATA[https://adactinhotelapp.com/]]>
              </value>
            </param>
            <param index="1">
              <value>
                <![CDATA[Chrome]]>
              </value>
            </param>
          </params>
          <reporter-output>
          </reporter-output>
        </test-method> <!-- launchingbrowserandloadingURL -->
        <test-method signature="SeachHotelTest(java.lang.String,java.lang.String,java.lang.String,java.lang.String,java.lang.String,java.lang.String,java.lang.String,java.lang.String,java.lang.String,java.lang.String)[pri:0, instance:test.TC_005SearchHotel@6c40365c]" started-at="2025-04-02T20:23:28 IST" name="SeachHotelTest" data-provider="readdata" finished-at="2025-04-02T20:23:30 IST" duration-ms="2707" status="PASS">
          <params>
            <param index="0">
              <value>
                <![CDATA[Paris]]>
              </value>
            </param>
            <param index="1">
              <value>
                <![CDATA[]]>
              </value>
            </param>
            <param index="2">
              <value>
                <![CDATA[]]>
              </value>
            </param>
            <param index="3">
              <value>
                <![CDATA[8]]>
              </value>
            </param>
            <param index="4">
              <value>
                <![CDATA[22-05-2025]]>
              </value>
            </param>
            <param index="5">
              <value>
                <![CDATA[21-05-2025]]>
              </value>
            </param>
            <param index="6">
              <value>
                <![CDATA[]]>
              </value>
            </param>
            <param index="7">
              <value>
                <![CDATA[4]]>
              </value>
            </param>
            <param index="8">
              <value>
                <![CDATA[Empty adult per room field]]>
              </value>
            </param>
            <param index="9">
              <value>
                <![CDATA[Please Select Adults per Room]]>
              </value>
            </param>
          </params>
          <reporter-output>
          </reporter-output>
        </test-method> <!-- SeachHotelTest -->
        <test-method is-config="true" signature="launchingbrowserandloadingURL(java.lang.String,java.lang.String)[pri:0, instance:test.TC_005SearchHotel@6c40365c]" started-at="2025-04-02T20:23:31 IST" name="launchingbrowserandloadingURL" finished-at="2025-04-02T20:23:34 IST" duration-ms="3312" status="PASS">
          <params>
            <param index="0">
              <value>
                <![CDATA[https://adactinhotelapp.com/]]>
              </value>
            </param>
            <param index="1">
              <value>
                <![CDATA[Chrome]]>
              </value>
            </param>
          </params>
          <reporter-output>
          </reporter-output>
        </test-method> <!-- launchingbrowserandloadingURL -->
        <test-method signature="SeachHotelTest(java.lang.String,java.lang.String,java.lang.String,java.lang.String,java.lang.String,java.lang.String,java.lang.String,java.lang.String,java.lang.String,java.lang.String)[pri:0, instance:test.TC_005SearchHotel@6c40365c]" started-at="2025-04-02T20:23:34 IST" name="SeachHotelTest" data-provider="readdata" finished-at="2025-04-02T20:23:36 IST" duration-ms="1884" status="PASS">
          <params>
            <param index="0">
              <value>
                <![CDATA[Sydney]]>
              </value>
            </param>
            <param index="1">
              <value>
                <![CDATA[]]>
              </value>
            </param>
            <param index="2">
              <value>
                <![CDATA[]]>
              </value>
            </param>
            <param index="3">
              <value>
                <![CDATA[1]]>
              </value>
            </param>
            <param index="4">
              <value>
                <![CDATA[11-04-2025]]>
              </value>
            </param>
            <param index="5">
              <value>
                <![CDATA[09-04-2025]]>
              </value>
            </param>
            <param index="6">
              <value>
                <![CDATA[4]]>
              </value>
            </param>
            <param index="7">
              <value>
                <![CDATA[0]]>
              </value>
            </param>
            <param index="8">
              <value>
                <![CDATA[Enter the checkout date befor checkindate]]>
              </value>
            </param>
            <param index="9">
              <value>
                <![CDATA[Check-In Date shall be before than Check-Out Date]]>
              </value>
            </param>
          </params>
          <reporter-output>
          </reporter-output>
        </test-method> <!-- SeachHotelTest -->
        <test-method is-config="true" signature="launchingbrowserandloadingURL(java.lang.String,java.lang.String)[pri:0, instance:test.TC_005SearchHotel@6c40365c]" started-at="2025-04-02T20:23:36 IST" name="launchingbrowserandloadingURL" finished-at="2025-04-02T20:23:39 IST" duration-ms="3483" status="PASS">
          <params>
            <param index="0">
              <value>
                <![CDATA[https://adactinhotelapp.com/]]>
              </value>
            </param>
            <param index="1">
              <value>
                <![CDATA[Chrome]]>
              </value>
            </param>
          </params>
          <reporter-output>
          </reporter-output>
        </test-method> <!-- launchingbrowserandloadingURL -->
        <test-method signature="SeachHotelTest(java.lang.String,java.lang.String,java.lang.String,java.lang.String,java.lang.String,java.lang.String,java.lang.String,java.lang.String,java.lang.String,java.lang.String)[pri:0, instance:test.TC_005SearchHotel@6c40365c]" started-at="2025-04-02T20:23:39 IST" name="SeachHotelTest" data-provider="readdata" finished-at="2025-04-02T20:23:44 IST" duration-ms="4236" status="PASS">
          <params>
            <param index="0">
              <value>
                <![CDATA[New York]]>
              </value>
            </param>
            <param index="1">
              <value>
                <![CDATA[Hotel Sunshine]]>
              </value>
            </param>
            <param index="2">
              <value>
                <![CDATA[Double]]>
              </value>
            </param>
            <param index="3">
              <value>
                <![CDATA[3]]>
              </value>
            </param>
            <param index="4">
              <value>
                <![CDATA[05-05-2025]]>
              </value>
            </param>
            <param index="5">
              <value>
                <![CDATA[10-05-2025]]>
              </value>
            </param>
            <param index="6">
              <value>
                <![CDATA[3]]>
              </value>
            </param>
            <param index="7">
              <value>
                <![CDATA[3]]>
              </value>
            </param>
            <param index="8">
              <value>
                <![CDATA[valid  data]]>
              </value>
            </param>
            <param index="9">
              <value>
                <![CDATA[Select Hotel]]>
              </value>
            </param>
          </params>
          <reporter-output>
          </reporter-output>
        </test-method> <!-- SeachHotelTest -->
        <test-method is-config="true" signature="launchingbrowserandloadingURL(java.lang.String,java.lang.String)[pri:0, instance:test.TC_005SearchHotel@6c40365c]" started-at="2025-04-02T20:23:44 IST" name="launchingbrowserandloadingURL" finished-at="2025-04-02T20:23:49 IST" duration-ms="4775" status="PASS">
          <params>
            <param index="0">
              <value>
                <![CDATA[https://adactinhotelapp.com/]]>
              </value>
            </param>
            <param index="1">
              <value>
                <![CDATA[Chrome]]>
              </value>
            </param>
          </params>
          <reporter-output>
          </reporter-output>
        </test-method> <!-- launchingbrowserandloadingURL -->
        <test-method signature="SeachHotelTest(java.lang.String,java.lang.String,java.lang.String,java.lang.String,java.lang.String,java.lang.String,java.lang.String,java.lang.String,java.lang.String,java.lang.String)[pri:0, instance:test.TC_005SearchHotel@6c40365c]" started-at="2025-04-02T20:23:49 IST" name="SeachHotelTest" data-provider="readdata" finished-at="2025-04-02T20:23:52 IST" duration-ms="3756" status="PASS">
          <params>
            <param index="0">
              <value>
                <![CDATA[Adelaide]]>
              </value>
            </param>
            <param index="1">
              <value>
                <![CDATA[]]>
              </value>
            </param>
            <param index="2">
              <value>
                <![CDATA[]]>
              </value>
            </param>
            <param index="3">
              <value>
                <![CDATA[2]]>
              </value>
            </param>
            <param index="4">
              <value>
                <![CDATA[34/05/2025]]>
              </value>
            </param>
            <param index="5">
              <value>
                <![CDATA[38/05/2025]]>
              </value>
            </param>
            <param index="6">
              <value>
                <![CDATA[3]]>
              </value>
            </param>
            <param index="7">
              <value>
                <![CDATA[0]]>
              </value>
            </param>
            <param index="8">
              <value>
                <![CDATA[valid data]]>
              </value>
            </param>
            <param index="9">
              <value>
                <![CDATA[Select Hotel]]>
              </value>
            </param>
          </params>
          <reporter-output>
          </reporter-output>
        </test-method> <!-- SeachHotelTest -->
      </class> <!-- test.TC_005SearchHotel -->
      <class name="test.TC_002ResetData">
        <test-method is-config="true" signature="setup()[pri:0, instance:test.TC_002ResetData@77f1baf5]" started-at="2025-04-02T20:19:38 IST" name="setup" finished-at="2025-04-02T20:19:38 IST" duration-ms="0" status="PASS">
          <reporter-output>
          </reporter-output>
        </test-method> <!-- setup -->
        <test-method is-config="true" signature="testDetails()[pri:0, instance:test.TC_002ResetData@77f1baf5]" started-at="2025-04-02T20:22:15 IST" name="testDetails" finished-at="2025-04-02T20:22:15 IST" duration-ms="2" status="PASS">
          <reporter-output>
          </reporter-output>
        </test-method> <!-- testDetails -->
        <test-method is-config="true" signature="launchingbrowserandloadingURL(java.lang.String,java.lang.String)[pri:0, instance:test.TC_002ResetData@77f1baf5]" started-at="2025-04-02T20:22:15 IST" name="launchingbrowserandloadingURL" finished-at="2025-04-02T20:22:19 IST" duration-ms="3371" status="PASS">
          <params>
            <param index="0">
              <value>
                <![CDATA[https://adactinhotelapp.com/]]>
              </value>
            </param>
            <param index="1">
              <value>
                <![CDATA[Chrome]]>
              </value>
            </param>
          </params>
          <reporter-output>
          </reporter-output>
        </test-method> <!-- launchingbrowserandloadingURL -->
        <test-method signature="userRegistration(java.lang.String,java.lang.String,java.lang.String,java.lang.String,java.lang.String)[pri:0, instance:test.TC_002ResetData@77f1baf5]" started-at="2025-04-02T20:22:19 IST" name="userRegistration" data-provider="readdata" finished-at="2025-04-02T20:22:20 IST" duration-ms="1472" status="PASS">
          <params>
            <param index="0">
              <value>
                <![CDATA[vinobhas]]>
              </value>
            </param>
            <param index="1">
              <value>
                <![CDATA[vino123]]>
              </value>
            </param>
            <param index="2">
              <value>
                <![CDATA[vino123]]>
              </value>
            </param>
            <param index="3">
              <value>
                <![CDATA[vinobha]]>
              </value>
            </param>
            <param index="4">
              <value>
                <![CDATA[vinobha@kmail.com]]>
              </value>
            </param>
          </params>
          <reporter-output>
          </reporter-output>
        </test-method> <!-- userRegistration -->
      </class> <!-- test.TC_002ResetData -->
      <class name="test.TC_008Changepassword">
        <test-method is-config="true" signature="setup()[pri:0, instance:test.TC_008Changepassword@55b0dcab]" started-at="2025-04-02T20:19:38 IST" name="setup" finished-at="2025-04-02T20:19:38 IST" duration-ms="0" status="PASS">
          <reporter-output>
          </reporter-output>
        </test-method> <!-- setup -->
        <test-method is-config="true" signature="testDetails()[pri:0, instance:test.TC_008Changepassword@55b0dcab]" started-at="2025-04-02T20:26:47 IST" name="testDetails" finished-at="2025-04-02T20:26:47 IST" duration-ms="8" status="PASS">
          <reporter-output>
          </reporter-output>
        </test-method> <!-- testDetails -->
        <test-method is-config="true" signature="launchingbrowserandloadingURL(java.lang.String,java.lang.String)[pri:0, instance:test.TC_008Changepassword@55b0dcab]" started-at="2025-04-02T20:26:47 IST" name="launchingbrowserandloadingURL" finished-at="2025-04-02T20:26:52 IST" duration-ms="4725" status="PASS">
          <params>
            <param index="0">
              <value>
                <![CDATA[https://adactinhotelapp.com/]]>
              </value>
            </param>
            <param index="1">
              <value>
                <![CDATA[Chrome]]>
              </value>
            </param>
          </params>
          <reporter-output>
          </reporter-output>
        </test-method> <!-- launchingbrowserandloadingURL -->
        <test-method signature="change_PasswordTest(java.lang.String,java.lang.String,java.lang.String,java.lang.String,java.lang.String)[pri:0, instance:test.TC_008Changepassword@55b0dcab]" started-at="2025-04-02T20:26:52 IST" name="change_PasswordTest" data-provider="readdata" finished-at="2025-04-02T20:26:54 IST" duration-ms="2184" status="PASS">
          <params>
            <param index="0">
              <value>
                <![CDATA[]]>
              </value>
            </param>
            <param index="1">
              <value>
                <![CDATA[]]>
              </value>
            </param>
            <param index="2">
              <value>
                <![CDATA[]]>
              </value>
            </param>
            <param index="3">
              <value>
                <![CDATA[All text field empty]]>
              </value>
            </param>
            <param index="4">
              <value>
                <![CDATA[Please enter correct current password!!!]]>
              </value>
            </param>
          </params>
          <reporter-output>
          </reporter-output>
        </test-method> <!-- change_PasswordTest -->
        <test-method is-config="true" signature="launchingbrowserandloadingURL(java.lang.String,java.lang.String)[pri:0, instance:test.TC_008Changepassword@55b0dcab]" started-at="2025-04-02T20:26:54 IST" name="launchingbrowserandloadingURL" finished-at="2025-04-02T20:26:58 IST" duration-ms="3781" status="PASS">
          <params>
            <param index="0">
              <value>
                <![CDATA[https://adactinhotelapp.com/]]>
              </value>
            </param>
            <param index="1">
              <value>
                <![CDATA[Chrome]]>
              </value>
            </param>
          </params>
          <reporter-output>
          </reporter-output>
        </test-method> <!-- launchingbrowserandloadingURL -->
        <test-method signature="change_PasswordTest(java.lang.String,java.lang.String,java.lang.String,java.lang.String,java.lang.String)[pri:0, instance:test.TC_008Changepassword@55b0dcab]" started-at="2025-04-02T20:26:58 IST" name="change_PasswordTest" data-provider="readdata" finished-at="2025-04-02T20:27:32 IST" duration-ms="34539" status="FAIL">
          <params>
            <param index="0">
              <value>
                <![CDATA[vihan123]]>
              </value>
            </param>
            <param index="1">
              <value>
                <![CDATA[vihan]]>
              </value>
            </param>
            <param index="2">
              <value>
                <![CDATA[vihan]]>
              </value>
            </param>
            <param index="3">
              <value>
                <![CDATA[valid data]]>
              </value>
            </param>
            <param index="4">
              <value>
                <![CDATA[Your Password is successfully updated!!!]]>
              </value>
            </param>
          </params>
          <exception class="org.openqa.selenium.TimeoutException">
            <message>
              <![CDATA[Expected condition failed: waiting for visibility of Proxy element for: DefaultElementLocator 'By.xpath: //span[text()='Your Password is successfully updated!!!']' (tried for 20 second(s) with 500 milliseconds interval)]]>
            </message>
            <full-stacktrace>
              <![CDATA[org.openqa.selenium.TimeoutException: Expected condition failed: waiting for visibility of Proxy element for: DefaultElementLocator 'By.xpath: //span[text()='Your Password is successfully updated!!!']' (tried for 20 second(s) with 500 milliseconds interval)
at org.openqa.selenium.support.ui.WebDriverWait.timeoutException(WebDriverWait.java:84)
at org.openqa.selenium.support.ui.FluentWait.until(FluentWait.java:228)
at utils.Handling.explicitWait(Handling.java:19)
at page.ChangePasswordPage.validate_chanepassword(ChangePasswordPage.java:73)
at test.TC_008Changepassword.change_PasswordTest(TC_008Changepassword.java:38)
at java.base/jdk.internal.reflect.DirectMethodHandleAccessor.invoke(DirectMethodHandleAccessor.java:103)
at java.base/java.lang.reflect.Method.invoke(Method.java:580)
at org.testng.internal.invokers.MethodInvocationHelper.invokeMethod(MethodInvocationHelper.java:139)
at org.testng.internal.invokers.TestInvoker.invokeMethod(TestInvoker.java:664)
at org.testng.internal.invokers.TestInvoker.invokeTestMethod(TestInvoker.java:227)
at org.testng.internal.invokers.MethodRunner.runInSequence(MethodRunner.java:50)
at org.testng.internal.invokers.TestInvoker$MethodInvocationAgent.invoke(TestInvoker.java:957)
at org.testng.internal.invokers.TestInvoker.invokeTestMethods(TestInvoker.java:200)
at org.testng.internal.invokers.TestMethodWorker.invokeTestMethods(TestMethodWorker.java:148)
at org.testng.internal.invokers.TestMethodWorker.run(TestMethodWorker.java:128)
at java.base/java.util.ArrayList.forEach(ArrayList.java:1596)
at org.testng.TestRunner.privateRun(TestRunner.java:848)
at org.testng.TestRunner.run(TestRunner.java:621)
at org.testng.SuiteRunner.runTest(SuiteRunner.java:443)
at org.testng.SuiteRunner.runSequentially(SuiteRunner.java:437)
at org.testng.SuiteRunner.privateRun(SuiteRunner.java:397)
at org.testng.SuiteRunner.run(SuiteRunner.java:336)
at org.testng.SuiteRunnerWorker.runSuite(SuiteRunnerWorker.java:52)
at org.testng.SuiteRunnerWorker.run(SuiteRunnerWorker.java:95)
at org.testng.TestNG.runSuitesSequentially(TestNG.java:1280)
at org.testng.TestNG.runSuitesLocally(TestNG.java:1200)
at org.testng.TestNG.runSuites(TestNG.java:1114)
at org.testng.TestNG.run(TestNG.java:1082)
at org.testng.remote.AbstractRemoteTestNG.run(AbstractRemoteTestNG.java:115)
at org.testng.remote.RemoteTestNG.initAndRun(RemoteTestNG.java:293)
at org.testng.remote.RemoteTestNG.main(RemoteTestNG.java:91)
Caused by: org.openqa.selenium.NoSuchElementException: no such element: Unable to locate element: {"method":"xpath","selector":"//span[text()='Your Password is successfully updated!!!']"}
  (Session info: chrome=134.0.6998.179)
For documentation on this error, please visit: https://www.selenium.dev/documentation/webdriver/troubleshooting/errors#no-such-element-exception
Build info: version: '4.28.0', revision: 'ac342546e9'
System info: os.name: 'Windows 11', os.arch: 'amd64', os.version: '10.0', java.version: '21.0.5'
Driver info: org.openqa.selenium.chrome.ChromeDriver
Command: [3b18f807fa8c1a53f60b7138a8729dd4, findElement {using=xpath, value=//span[text()='Your Password is successfully updated!!!']}]
Capabilities {acceptInsecureCerts: false, browserName: chrome, browserVersion: 134.0.6998.179, chrome: {chromedriverVersion: 134.0.6998.165 (fd886e2cb29..., userDataDir: C:\Users\srije\AppData\Loca...}, fedcm:accounts: true, goog:chromeOptions: {debuggerAddress: localhost:62108}, networkConnectionEnabled: false, pageLoadStrategy: normal, platformName: windows, proxy: Proxy(), se:cdp: ws://localhost:62108/devtoo..., se:cdpVersion: 134.0.6998.179, setWindowRect: true, strictFileInteractability: false, timeouts: {implicit: 0, pageLoad: 300000, script: 30000}, unhandledPromptBehavior: dismiss and notify, webauthn:extension:credBlob: true, webauthn:extension:largeBlob: true, webauthn:extension:minPinLength: true, webauthn:extension:prf: true, webauthn:virtualAuthenticators: true}
Session ID: 3b18f807fa8c1a53f60b7138a8729dd4
at java.base/jdk.internal.reflect.DirectConstructorHandleAccessor.newInstance(DirectConstructorHandleAccessor.java:62)
at java.base/java.lang.reflect.Constructor.newInstanceWithCaller(Constructor.java:502)
at java.base/java.lang.reflect.Constructor.newInstance(Constructor.java:486)
at org.openqa.selenium.remote.ErrorCodec.decode(ErrorCodec.java:167)
at org.openqa.selenium.remote.codec.w3c.W3CHttpResponseCodec.decode(W3CHttpResponseCodec.java:138)
at org.openqa.selenium.remote.codec.w3c.W3CHttpResponseCodec.decode(W3CHttpResponseCodec.java:50)
at org.openqa.selenium.remote.HttpCommandExecutor.execute(HttpCommandExecutor.java:215)
at org.openqa.selenium.remote.service.DriverCommandExecutor.invokeExecute(DriverCommandExecutor.java:216)
at org.openqa.selenium.remote.service.DriverCommandExecutor.execute(DriverCommandExecutor.java:174)
at org.openqa.selenium.remote.RemoteWebDriver.execute(RemoteWebDriver.java:545)
at org.openqa.selenium.remote.ElementLocation$ElementFinder$2.findElement(ElementLocation.java:165)
at org.openqa.selenium.remote.ElementLocation.findElement(ElementLocation.java:59)
at org.openqa.selenium.remote.RemoteWebDriver.findElement(RemoteWebDriver.java:368)
at org.openqa.selenium.remote.RemoteWebDriver.findElement(RemoteWebDriver.java:362)
at org.openqa.selenium.support.pagefactory.DefaultElementLocator.findElement(DefaultElementLocator.java:68)
at org.openqa.selenium.support.pagefactory.internal.LocatingElementHandler.invoke(LocatingElementHandler.java:38)
at jdk.proxy2/jdk.proxy2.$Proxy19.isDisplayed(Unknown Source)
at org.openqa.selenium.support.ui.ExpectedConditions.elementIfVisible(ExpectedConditions.java:304)
at org.openqa.selenium.support.ui.ExpectedConditions$10.apply(ExpectedConditions.java:290)
at org.openqa.selenium.support.ui.ExpectedConditions$10.apply(ExpectedConditions.java:287)
at org.openqa.selenium.support.ui.FluentWait.until(FluentWait.java:203)
... 29 more
]]>
            </full-stacktrace>
          </exception> <!-- org.openqa.selenium.TimeoutException -->
          <reporter-output>
          </reporter-output>
        </test-method> <!-- change_PasswordTest -->
      </class> <!-- test.TC_008Changepassword -->
      <class name="test.TC_006BookingHotel">
        <test-method is-config="true" signature="setup()[pri:0, instance:test.TC_006BookingHotel@7bedc48a]" started-at="2025-04-02T20:19:38 IST" name="setup" finished-at="2025-04-02T20:19:38 IST" duration-ms="0" status="PASS">
          <reporter-output>
          </reporter-output>
        </test-method> <!-- setup -->
        <test-method is-config="true" signature="testDetails()[pri:0, instance:test.TC_006BookingHotel@7bedc48a]" started-at="2025-04-02T20:23:53 IST" name="testDetails" finished-at="2025-04-02T20:23:53 IST" duration-ms="5" status="PASS">
          <reporter-output>
          </reporter-output>
        </test-method> <!-- testDetails -->
        <test-method is-config="true" signature="launchingbrowserandloadingURL(java.lang.String,java.lang.String)[pri:0, instance:test.TC_006BookingHotel@7bedc48a]" started-at="2025-04-02T20:23:53 IST" name="launchingbrowserandloadingURL" finished-at="2025-04-02T20:23:57 IST" duration-ms="3844" status="PASS">
          <params>
            <param index="0">
              <value>
                <![CDATA[https://adactinhotelapp.com/]]>
              </value>
            </param>
            <param index="1">
              <value>
                <![CDATA[Chrome]]>
              </value>
            </param>
          </params>
          <reporter-output>
          </reporter-output>
        </test-method> <!-- launchingbrowserandloadingURL -->
        <test-method signature="booking(java.lang.String,java.lang.String,java.lang.String,java.lang.String,java.lang.String,java.lang.String,java.lang.String,java.lang.String,java.lang.String,java.lang.String)[pri:0, instance:test.TC_006BookingHotel@7bedc48a]" started-at="2025-04-02T20:23:57 IST" name="booking" data-provider="readdata" finished-at="2025-04-02T20:24:03 IST" duration-ms="6392" status="PASS">
          <params>
            <param index="0">
              <value>
                <![CDATA[]]>
              </value>
            </param>
            <param index="1">
              <value>
                <![CDATA[]]>
              </value>
            </param>
            <param index="2">
              <value>
                <![CDATA[]]>
              </value>
            </param>
            <param index="3">
              <value>
                <![CDATA[]]>
              </value>
            </param>
            <param index="4">
              <value>
                <![CDATA[Other]]>
              </value>
            </param>
            <param index="5">
              <value>
                <![CDATA[July]]>
              </value>
            </param>
            <param index="6">
              <value>
                <![CDATA[2028]]>
              </value>
            </param>
            <param index="7">
              <value>
                <![CDATA[]]>
              </value>
            </param>
            <param index="8">
              <value>
                <![CDATA[All field Empty]]>
              </value>
            </param>
            <param index="9">
              <value>
                <![CDATA[Please Enter your First Name]]>
              </value>
            </param>
          </params>
          <reporter-output>
          </reporter-output>
        </test-method> <!-- booking -->
        <test-method is-config="true" signature="launchingbrowserandloadingURL(java.lang.String,java.lang.String)[pri:0, instance:test.TC_006BookingHotel@7bedc48a]" started-at="2025-04-02T20:24:03 IST" name="launchingbrowserandloadingURL" finished-at="2025-04-02T20:24:07 IST" duration-ms="3615" status="PASS">
          <params>
            <param index="0">
              <value>
                <![CDATA[https://adactinhotelapp.com/]]>
              </value>
            </param>
            <param index="1">
              <value>
                <![CDATA[Chrome]]>
              </value>
            </param>
          </params>
          <reporter-output>
          </reporter-output>
        </test-method> <!-- launchingbrowserandloadingURL -->
        <test-method signature="booking(java.lang.String,java.lang.String,java.lang.String,java.lang.String,java.lang.String,java.lang.String,java.lang.String,java.lang.String,java.lang.String,java.lang.String)[pri:0, instance:test.TC_006BookingHotel@7bedc48a]" started-at="2025-04-02T20:24:07 IST" name="booking" data-provider="readdata" finished-at="2025-04-02T20:24:13 IST" duration-ms="5494" status="PASS">
          <params>
            <param index="0">
              <value>
                <![CDATA[]]>
              </value>
            </param>
            <param index="1">
              <value>
                <![CDATA[sekar]]>
              </value>
            </param>
            <param index="2">
              <value>
                <![CDATA[chennai]]>
              </value>
            </param>
            <param index="3">
              <value>
                <![CDATA[9876545678956430]]>
              </value>
            </param>
            <param index="4">
              <value>
                <![CDATA[American Express]]>
              </value>
            </param>
            <param index="5">
              <value>
                <![CDATA[February]]>
              </value>
            </param>
            <param index="6">
              <value>
                <![CDATA[2029]]>
              </value>
            </param>
            <param index="7">
              <value>
                <![CDATA[2345]]>
              </value>
            </param>
            <param index="8">
              <value>
                <![CDATA[Firstname field empty]]>
              </value>
            </param>
            <param index="9">
              <value>
                <![CDATA[Please Enter your First Name]]>
              </value>
            </param>
          </params>
          <reporter-output>
          </reporter-output>
        </test-method> <!-- booking -->
        <test-method is-config="true" signature="launchingbrowserandloadingURL(java.lang.String,java.lang.String)[pri:0, instance:test.TC_006BookingHotel@7bedc48a]" started-at="2025-04-02T20:24:13 IST" name="launchingbrowserandloadingURL" finished-at="2025-04-02T20:24:17 IST" duration-ms="4110" status="PASS">
          <params>
            <param index="0">
              <value>
                <![CDATA[https://adactinhotelapp.com/]]>
              </value>
            </param>
            <param index="1">
              <value>
                <![CDATA[Chrome]]>
              </value>
            </param>
          </params>
          <reporter-output>
          </reporter-output>
        </test-method> <!-- launchingbrowserandloadingURL -->
        <test-method signature="booking(java.lang.String,java.lang.String,java.lang.String,java.lang.String,java.lang.String,java.lang.String,java.lang.String,java.lang.String,java.lang.String,java.lang.String)[pri:0, instance:test.TC_006BookingHotel@7bedc48a]" started-at="2025-04-02T20:24:17 IST" name="booking" data-provider="readdata" finished-at="2025-04-02T20:24:22 IST" duration-ms="5410" status="PASS">
          <params>
            <param index="0">
              <value>
                <![CDATA[brindha]]>
              </value>
            </param>
            <param index="1">
              <value>
                <![CDATA[]]>
              </value>
            </param>
            <param index="2">
              <value>
                <![CDATA[trichy]]>
              </value>
            </param>
            <param index="3">
              <value>
                <![CDATA[5678934265238950]]>
              </value>
            </param>
            <param index="4">
              <value>
                <![CDATA[Master Card]]>
              </value>
            </param>
            <param index="5">
              <value>
                <![CDATA[November]]>
              </value>
            </param>
            <param index="6">
              <value>
                <![CDATA[2025]]>
              </value>
            </param>
            <param index="7">
              <value>
                <![CDATA[345]]>
              </value>
            </param>
            <param index="8">
              <value>
                <![CDATA[Lastname field empty]]>
              </value>
            </param>
            <param index="9">
              <value>
                <![CDATA[Please Enter you Last Name]]>
              </value>
            </param>
          </params>
          <reporter-output>
          </reporter-output>
        </test-method> <!-- booking -->
        <test-method is-config="true" signature="launchingbrowserandloadingURL(java.lang.String,java.lang.String)[pri:0, instance:test.TC_006BookingHotel@7bedc48a]" started-at="2025-04-02T20:24:22 IST" name="launchingbrowserandloadingURL" finished-at="2025-04-02T20:24:26 IST" duration-ms="3574" status="PASS">
          <params>
            <param index="0">
              <value>
                <![CDATA[https://adactinhotelapp.com/]]>
              </value>
            </param>
            <param index="1">
              <value>
                <![CDATA[Chrome]]>
              </value>
            </param>
          </params>
          <reporter-output>
          </reporter-output>
        </test-method> <!-- launchingbrowserandloadingURL -->
        <test-method signature="booking(java.lang.String,java.lang.String,java.lang.String,java.lang.String,java.lang.String,java.lang.String,java.lang.String,java.lang.String,java.lang.String,java.lang.String)[pri:0, instance:test.TC_006BookingHotel@7bedc48a]" started-at="2025-04-02T20:24:26 IST" name="booking" data-provider="readdata" finished-at="2025-04-02T20:24:31 IST" duration-ms="5183" status="PASS">
          <params>
            <param index="0">
              <value>
                <![CDATA[divya]]>
              </value>
            </param>
            <param index="1">
              <value>
                <![CDATA[k]]>
              </value>
            </param>
            <param index="2">
              <value>
                <![CDATA[]]>
              </value>
            </param>
            <param index="3">
              <value>
                <![CDATA[3876529846710960]]>
              </value>
            </param>
            <param index="4">
              <value>
                <![CDATA[VISA]]>
              </value>
            </param>
            <param index="5">
              <value>
                <![CDATA[September]]>
              </value>
            </param>
            <param index="6">
              <value>
                <![CDATA[2030]]>
              </value>
            </param>
            <param index="7">
              <value>
                <![CDATA[98]]>
              </value>
            </param>
            <param index="8">
              <value>
                <![CDATA[address field empty]]>
              </value>
            </param>
            <param index="9">
              <value>
                <![CDATA[Please Enter your Address]]>
              </value>
            </param>
          </params>
          <reporter-output>
          </reporter-output>
        </test-method> <!-- booking -->
        <test-method is-config="true" signature="launchingbrowserandloadingURL(java.lang.String,java.lang.String)[pri:0, instance:test.TC_006BookingHotel@7bedc48a]" started-at="2025-04-02T20:24:31 IST" name="launchingbrowserandloadingURL" finished-at="2025-04-02T20:24:35 IST" duration-ms="4091" status="PASS">
          <params>
            <param index="0">
              <value>
                <![CDATA[https://adactinhotelapp.com/]]>
              </value>
            </param>
            <param index="1">
              <value>
                <![CDATA[Chrome]]>
              </value>
            </param>
          </params>
          <reporter-output>
          </reporter-output>
        </test-method> <!-- launchingbrowserandloadingURL -->
        <test-method signature="booking(java.lang.String,java.lang.String,java.lang.String,java.lang.String,java.lang.String,java.lang.String,java.lang.String,java.lang.String,java.lang.String,java.lang.String)[pri:0, instance:test.TC_006BookingHotel@7bedc48a]" started-at="2025-04-02T20:24:35 IST" name="booking" data-provider="readdata" finished-at="2025-04-02T20:24:39 IST" duration-ms="4038" status="PASS">
          <params>
            <param index="0">
              <value>
                <![CDATA[keshav]]>
              </value>
            </param>
            <param index="1">
              <value>
                <![CDATA[kesh]]>
              </value>
            </param>
            <param index="2">
              <value>
                <![CDATA[madurai]]>
              </value>
            </param>
            <param index="3">
              <value>
                <![CDATA[]]>
              </value>
            </param>
            <param index="4">
              <value>
                <![CDATA[Other]]>
              </value>
            </param>
            <param index="5">
              <value>
                <![CDATA[July]]>
              </value>
            </param>
            <param index="6">
              <value>
                <![CDATA[2023]]>
              </value>
            </param>
            <param index="7">
              <value>
                <![CDATA[9]]>
              </value>
            </param>
            <param index="8">
              <value>
                <![CDATA[creditcard field empty]]>
              </value>
            </param>
            <param index="9">
              <value>
                <![CDATA[Please Enter your 16 Digit Credit Card Number]]>
              </value>
            </param>
          </params>
          <reporter-output>
          </reporter-output>
        </test-method> <!-- booking -->
        <test-method is-config="true" signature="launchingbrowserandloadingURL(java.lang.String,java.lang.String)[pri:0, instance:test.TC_006BookingHotel@7bedc48a]" started-at="2025-04-02T20:24:40 IST" name="launchingbrowserandloadingURL" finished-at="2025-04-02T20:24:44 IST" duration-ms="4118" status="PASS">
          <params>
            <param index="0">
              <value>
                <![CDATA[https://adactinhotelapp.com/]]>
              </value>
            </param>
            <param index="1">
              <value>
                <![CDATA[Chrome]]>
              </value>
            </param>
          </params>
          <reporter-output>
          </reporter-output>
        </test-method> <!-- launchingbrowserandloadingURL -->
        <test-method signature="booking(java.lang.String,java.lang.String,java.lang.String,java.lang.String,java.lang.String,java.lang.String,java.lang.String,java.lang.String,java.lang.String,java.lang.String)[pri:0, instance:test.TC_006BookingHotel@7bedc48a]" started-at="2025-04-02T20:24:44 IST" name="booking" data-provider="readdata" finished-at="2025-04-02T20:24:51 IST" duration-ms="7053" status="PASS">
          <params>
            <param index="0">
              <value>
                <![CDATA[edvin]]>
              </value>
            </param>
            <param index="1">
              <value>
                <![CDATA[jhon]]>
              </value>
            </param>
            <param index="2">
              <value>
                <![CDATA[bangalore]]>
              </value>
            </param>
            <param index="3">
              <value>
                <![CDATA[23465]]>
              </value>
            </param>
            <param index="4">
              <value>
                <![CDATA[VISA]]>
              </value>
            </param>
            <param index="5">
              <value>
                <![CDATA[December]]>
              </value>
            </param>
            <param index="6">
              <value>
                <![CDATA[2028]]>
              </value>
            </param>
            <param index="7">
              <value>
                <![CDATA[678]]>
              </value>
            </param>
            <param index="8">
              <value>
                <![CDATA[enter less than 16 digit]]>
              </value>
            </param>
            <param index="9">
              <value>
                <![CDATA[Please Enter your 16 Digit Credit Card Number]]>
              </value>
            </param>
          </params>
          <reporter-output>
          </reporter-output>
        </test-method> <!-- booking -->
        <test-method is-config="true" signature="launchingbrowserandloadingURL(java.lang.String,java.lang.String)[pri:0, instance:test.TC_006BookingHotel@7bedc48a]" started-at="2025-04-02T20:24:51 IST" name="launchingbrowserandloadingURL" finished-at="2025-04-02T20:24:55 IST" duration-ms="4487" status="PASS">
          <params>
            <param index="0">
              <value>
                <![CDATA[https://adactinhotelapp.com/]]>
              </value>
            </param>
            <param index="1">
              <value>
                <![CDATA[Chrome]]>
              </value>
            </param>
          </params>
          <reporter-output>
          </reporter-output>
        </test-method> <!-- launchingbrowserandloadingURL -->
        <test-method signature="booking(java.lang.String,java.lang.String,java.lang.String,java.lang.String,java.lang.String,java.lang.String,java.lang.String,java.lang.String,java.lang.String,java.lang.String)[pri:0, instance:test.TC_006BookingHotel@7bedc48a]" started-at="2025-04-02T20:24:55 IST" name="booking" data-provider="readdata" finished-at="2025-04-02T20:24:59 IST" duration-ms="3788" status="PASS">
          <params>
            <param index="0">
              <value>
                <![CDATA[jeya]]>
              </value>
            </param>
            <param index="1">
              <value>
                <![CDATA[sri]]>
              </value>
            </param>
            <param index="2">
              <value>
                <![CDATA[kanjipuram]]>
              </value>
            </param>
            <param index="3">
              <value>
                <![CDATA[3864829867429823]]>
              </value>
            </param>
            <param index="4">
              <value>
                <![CDATA[American Express]]>
              </value>
            </param>
            <param index="5">
              <value>
                <![CDATA[January]]>
              </value>
            </param>
            <param index="6">
              <value>
                <![CDATA[2025]]>
              </value>
            </param>
            <param index="7">
              <value>
                <![CDATA[]]>
              </value>
            </param>
            <param index="8">
              <value>
                <![CDATA[cvv field empty]]>
              </value>
            </param>
            <param index="9">
              <value>
                <![CDATA[Please Enter your Credit Card CVV Number]]>
              </value>
            </param>
          </params>
          <reporter-output>
          </reporter-output>
        </test-method> <!-- booking -->
        <test-method is-config="true" signature="launchingbrowserandloadingURL(java.lang.String,java.lang.String)[pri:0, instance:test.TC_006BookingHotel@7bedc48a]" started-at="2025-04-02T20:24:59 IST" name="launchingbrowserandloadingURL" finished-at="2025-04-02T20:25:03 IST" duration-ms="3315" status="PASS">
          <params>
            <param index="0">
              <value>
                <![CDATA[https://adactinhotelapp.com/]]>
              </value>
            </param>
            <param index="1">
              <value>
                <![CDATA[Chrome]]>
              </value>
            </param>
          </params>
          <reporter-output>
          </reporter-output>
        </test-method> <!-- launchingbrowserandloadingURL -->
        <test-method signature="booking(java.lang.String,java.lang.String,java.lang.String,java.lang.String,java.lang.String,java.lang.String,java.lang.String,java.lang.String,java.lang.String,java.lang.String)[pri:0, instance:test.TC_006BookingHotel@7bedc48a]" started-at="2025-04-02T20:25:03 IST" name="booking" data-provider="readdata" finished-at="2025-04-02T20:25:12 IST" duration-ms="9627" status="PASS">
          <params>
            <param index="0">
              <value>
                <![CDATA[charvi]]>
              </value>
            </param>
            <param index="1">
              <value>
                <![CDATA[prem]]>
              </value>
            </param>
            <param index="2">
              <value>
                <![CDATA[delhi]]>
              </value>
            </param>
            <param index="3">
              <value>
                <![CDATA[4987347892340980]]>
              </value>
            </param>
[...]
          </params>
          <reporter-output>
          </reporter-output>
        </test-method> <!-- launchingbrowserandloadingURL -->
        <test-method signature="userRegistration(java.lang.String,java.lang.String,java.lang.String,java.lang.String,java.lang.String,java.lang.String,java.lang.String)[pri:0, instance:test.TC_001Resgistration@fa4c865]" started-at="2025-04-02T20:21:00 IST" name="userRegistration" data-provider="readdata" finished-at="2025-04-02T20:21:01 IST" duration-ms="1774" status="PASS">
          <params>
            <param index="0">
              <value>
                <![CDATA[Valentina]]>
              </value>
            </param>
            <param index="1">
              <value>
                <![CDATA[valent#12]]>
              </value>
            </param>
            <param index="2">
              <value>
                <![CDATA[valen]]>
              </value>
            </param>
            <param index="3">
              <value>
                <![CDATA[velantena]]>
              </value>
            </param>
            <param index="4">
              <value>
                <![CDATA[valentena@kmail.com]]>
              </value>
            </param>
            <param index="5">
              <value>
                <![CDATA[mismatch Password]]>
              </value>
            </param>
            <param index="6">
              <value>
                <![CDATA[Passwords Do Not Match]]>
              </value>
            </param>
          </params>
          <reporter-output>
          </reporter-output>
        </test-method> <!-- userRegistration -->
        <test-method is-config="true" signature="launchingbrowserandloadingURL(java.lang.String,java.lang.String)[pri:0, instance:test.TC_001Resgistration@fa4c865]" started-at="2025-04-02T20:21:01 IST" name="launchingbrowserandloadingURL" finished-at="2025-04-02T20:21:05 IST" duration-ms="3203" status="PASS">
          <params>
            <param index="0">
              <value>
                <![CDATA[https://adactinhotelapp.com/]]>
              </value>
            </param>
            <param index="1">
              <value>
                <![CDATA[Chrome]]>
              </value>
            </param>
          </params>
          <reporter-output>
          </reporter-output>
        </test-method> <!-- launchingbrowserandloadingURL -->
        <test-method signature="userRegistration(java.lang.String,java.lang.String,java.lang.String,java.lang.String,java.lang.String,java.lang.String,java.lang.String)[pri:0, instance:test.TC_001Resgistration@fa4c865]" started-at="2025-04-02T20:21:05 IST" name="userRegistration" data-provider="readdata" finished-at="2025-04-02T20:21:06 IST" duration-ms="1590" status="PASS">
          <params>
            <param index="0">
              <value>
                <![CDATA[Deekshasiva]]>
              </value>
            </param>
            <param index="1">
              <value>
                <![CDATA[]]>
              </value>
            </param>
            <param index="2">
              <value>
                <![CDATA[deeksha]]>
              </value>
            </param>
            <param index="3">
              <value>
                <![CDATA[Deeksha]]>
              </value>
            </param>
            <param index="4">
              <value>
                <![CDATA[deeksha@kmail.com]]>
              </value>
            </param>
            <param index="5">
              <value>
                <![CDATA[password field is Empty]]>
              </value>
            </param>
            <param index="6">
              <value>
                <![CDATA[Password is Empty]]>
              </value>
            </param>
          </params>
          <reporter-output>
          </reporter-output>
        </test-method> <!-- userRegistration -->
        <test-method is-config="true" signature="launchingbrowserandloadingURL(java.lang.String,java.lang.String)[pri:0, instance:test.TC_001Resgistration@fa4c865]" started-at="2025-04-02T20:21:06 IST" name="launchingbrowserandloadingURL" finished-at="2025-04-02T20:21:10 IST" duration-ms="3437" status="PASS">
          <params>
            <param index="0">
              <value>
                <![CDATA[https://adactinhotelapp.com/]]>
              </value>
            </param>
            <param index="1">
              <value>
                <![CDATA[Chrome]]>
              </value>
            </param>
          </params>
          <reporter-output>
          </reporter-output>
        </test-method> <!-- launchingbrowserandloadingURL -->
        <test-method signature="userRegistration(java.lang.String,java.lang.String,java.lang.String,java.lang.String,java.lang.String,java.lang.String,java.lang.String)[pri:0, instance:test.TC_001Resgistration@fa4c865]" started-at="2025-04-02T20:21:10 IST" name="userRegistration" data-provider="readdata" finished-at="2025-04-02T20:21:12 IST" duration-ms="2025" status="PASS">
          <params>
            <param index="0">
              <value>
                <![CDATA[GunaSekar]]>
              </value>
            </param>
            <param index="1">
              <value>
                <![CDATA[guna123]]>
              </value>
            </param>
            <param index="2">
              <value>
                <![CDATA[]]>
              </value>
            </param>
            <param index="3">
              <value>
                <![CDATA[Guna]]>
              </value>
            </param>
            <param index="4">
              <value>
                <![CDATA[Guna23@kmail.com]]>
              </value>
            </param>
            <param index="5">
              <value>
                <![CDATA[Confirm pwd field empty]]>
              </value>
            </param>
            <param index="6">
              <value>
                <![CDATA[Confirm Password is Empty]]>
              </value>
            </param>
          </params>
          <reporter-output>
          </reporter-output>
        </test-method> <!-- userRegistration -->
        <test-method is-config="true" signature="launchingbrowserandloadingURL(java.lang.String,java.lang.String)[pri:0, instance:test.TC_001Resgistration@fa4c865]" started-at="2025-04-02T20:21:12 IST" name="launchingbrowserandloadingURL" finished-at="2025-04-02T20:21:15 IST" duration-ms="3478" status="PASS">
          <params>
            <param index="0">
              <value>
                <![CDATA[https://adactinhotelapp.com/]]>
              </value>
            </param>
            <param index="1">
              <value>
                <![CDATA[Chrome]]>
              </value>
            </param>
          </params>
          <reporter-output>
          </reporter-output>
        </test-method> <!-- launchingbrowserandloadingURL -->
        <test-method signature="userRegistration(java.lang.String,java.lang.String,java.lang.String,java.lang.String,java.lang.String,java.lang.String,java.lang.String)[pri:0, instance:test.TC_001Resgistration@fa4c865]" started-at="2025-04-02T20:21:15 IST" name="userRegistration" data-provider="readdata" finished-at="2025-04-02T20:21:17 IST" duration-ms="1941" status="PASS">
          <params>
            <param index="0">
              <value>
                <![CDATA[Umapathy65]]>
              </value>
            </param>
            <param index="1">
              <value>
                <![CDATA[uma123]]>
              </value>
            </param>
            <param index="2">
              <value>
                <![CDATA[uma123]]>
              </value>
            </param>
            <param index="3">
              <value>
                <![CDATA[]]>
              </value>
            </param>
            <param index="4">
              <value>
                <![CDATA[uma@kmail.com]]>
              </value>
            </param>
            <param index="5">
              <value>
                <![CDATA[Full name field is empty]]>
              </value>
            </param>
            <param index="6">
              <value>
                <![CDATA[Full Name is Empty]]>
              </value>
            </param>
          </params>
          <reporter-output>
          </reporter-output>
        </test-method> <!-- userRegistration -->
        <test-method is-config="true" signature="launchingbrowserandloadingURL(java.lang.String,java.lang.String)[pri:0, instance:test.TC_001Resgistration@fa4c865]" started-at="2025-04-02T20:21:18 IST" name="launchingbrowserandloadingURL" finished-at="2025-04-02T20:21:21 IST" duration-ms="3836" status="PASS">
          <params>
            <param index="0">
              <value>
                <![CDATA[https://adactinhotelapp.com/]]>
              </value>
            </param>
            <param index="1">
              <value>
                <![CDATA[Chrome]]>
              </value>
            </param>
          </params>
          <reporter-output>
          </reporter-output>
        </test-method> <!-- launchingbrowserandloadingURL -->
        <test-method signature="userRegistration(java.lang.String,java.lang.String,java.lang.String,java.lang.String,java.lang.String,java.lang.String,java.lang.String)[pri:0, instance:test.TC_001Resgistration@fa4c865]" started-at="2025-04-02T20:21:21 IST" name="userRegistration" data-provider="readdata" finished-at="2025-04-02T20:21:23 IST" duration-ms="1477" status="PASS">
          <params>
            <param index="0">
              <value>
                <![CDATA[Premchand]]>
              </value>
            </param>
            <param index="1">
              <value>
                <![CDATA[&prem23]]>
              </value>
            </param>
            <param index="2">
              <value>
                <![CDATA[&prem123]]>
              </value>
            </param>
            <param index="3">
              <value>
                <![CDATA[Prem]]>
              </value>
            </param>
            <param index="4">
              <value>
                <![CDATA[]]>
              </value>
            </param>
            <param index="5">
              <value>
                <![CDATA[Email field is Empty]]>
              </value>
            </param>
            <param index="6">
              <value>
                <![CDATA[Email Address is Empty]]>
              </value>
            </param>
          </params>
          <reporter-output>
          </reporter-output>
        </test-method> <!-- userRegistration -->
        <test-method is-config="true" signature="launchingbrowserandloadingURL(java.lang.String,java.lang.String)[pri:0, instance:test.TC_001Resgistration@fa4c865]" started-at="2025-04-02T20:21:23 IST" name="launchingbrowserandloadingURL" finished-at="2025-04-02T20:21:27 IST" duration-ms="3725" status="PASS">
          <params>
            <param index="0">
              <value>
                <![CDATA[https://adactinhotelapp.com/]]>
              </value>
            </param>
            <param index="1">
              <value>
                <![CDATA[Chrome]]>
              </value>
            </param>
          </params>
          <reporter-output>
          </reporter-output>
        </test-method> <!-- launchingbrowserandloadingURL -->
        <test-method signature="userRegistration(java.lang.String,java.lang.String,java.lang.String,java.lang.String,java.lang.String,java.lang.String,java.lang.String)[pri:0, instance:test.TC_001Resgistration@fa4c865]" started-at="2025-04-02T20:21:27 IST" name="userRegistration" data-provider="readdata" finished-at="2025-04-02T20:21:29 IST" duration-ms="1864" status="PASS">
          <params>
            <param index="0">
              <value>
                <![CDATA[SarimKhan]]>
              </value>
            </param>
            <param index="1">
              <value>
                <![CDATA[sarim432]]>
              </value>
            </param>
            <param index="2">
              <value>
                <![CDATA[sarim432]]>
              </value>
            </param>
            <param index="3">
              <value>
                <![CDATA[Sarim]]>
              </value>
            </param>
            <param index="4">
              <value>
                <![CDATA[sarim@kmail]]>
              </value>
            </param>
            <param index="5">
              <value>
                <![CDATA[invalid email format]]>
              </value>
            </param>
            <param index="6">
              <value>
                <![CDATA[Invalid email, Please enter correct email.]]>
              </value>
            </param>
          </params>
          <reporter-output>
          </reporter-output>
        </test-method> <!-- userRegistration -->
        <test-method is-config="true" signature="launchingbrowserandloadingURL(java.lang.String,java.lang.String)[pri:0, instance:test.TC_001Resgistration@fa4c865]" started-at="2025-04-02T20:21:29 IST" name="launchingbrowserandloadingURL" finished-at="2025-04-02T20:21:32 IST" duration-ms="3688" status="PASS">
          <params>
            <param index="0">
              <value>
                <![CDATA[https://adactinhotelapp.com/]]>
              </value>
            </param>
            <param index="1">
              <value>
                <![CDATA[Chrome]]>
              </value>
            </param>
          </params>
          <reporter-output>
          </reporter-output>
        </test-method> <!-- launchingbrowserandloadingURL -->
        <test-method signature="userRegistration(java.lang.String,java.lang.String,java.lang.String,java.lang.String,java.lang.String,java.lang.String,java.lang.String)[pri:0, instance:test.TC_001Resgistration@fa4c865]" started-at="2025-04-02T20:21:32 IST" name="userRegistration" data-provider="readdata" finished-at="2025-04-02T20:21:44 IST" duration-ms="11894" status="PASS">
          <params>
            <param index="0">
              <value>
                <![CDATA[Jeyasrisankar]]>
              </value>
            </param>
            <param index="1">
              <value>
                <![CDATA[jeya678]]>
              </value>
            </param>
            <param index="2">
              <value>
                <![CDATA[jeya678]]>
              </value>
            </param>
            <param index="3">
              <value>
                <![CDATA[Jeyasri]]>
              </value>
            </param>
            <param index="4">
              <value>
                <![CDATA[jeyasri@kmail.com]]>
              </value>
            </param>
            <param index="5">
              <value>
                <![CDATA[Existing Username]]>
              </value>
            </param>
            <param index="6">
              <value>
                <![CDATA[This username is alredy available]]>
              </value>
            </param>
          </params>
          <reporter-output>
          </reporter-output>
        </test-method> <!-- userRegistration -->
        <test-method is-config="true" signature="launchingbrowserandloadingURL(java.lang.String,java.lang.String)[pri:0, instance:test.TC_001Resgistration@fa4c865]" started-at="2025-04-02T20:21:44 IST" name="launchingbrowserandloadingURL" finished-at="2025-04-02T20:21:48 IST" duration-ms="3382" status="PASS">
          <params>
            <param index="0">
              <value>
                <![CDATA[https://adactinhotelapp.com/]]>
              </value>
            </param>
            <param index="1">
              <value>
                <![CDATA[Chrome]]>
              </value>
            </param>
          </params>
          <reporter-output>
          </reporter-output>
        </test-method> <!-- launchingbrowserandloadingURL -->
        <test-method signature="userRegistration(java.lang.String,java.lang.String,java.lang.String,java.lang.String,java.lang.String,java.lang.String,java.lang.String)[pri:0, instance:test.TC_001Resgistration@fa4c865]" started-at="2025-04-02T20:21:48 IST" name="userRegistration" data-provider="readdata" finished-at="2025-04-02T20:21:49 IST" duration-ms="1717" status="PASS">
          <params>
            <param index="0">
              <value>
                <![CDATA[]]>
              </value>
            </param>
            <param index="1">
              <value>
                <![CDATA[]]>
              </value>
            </param>
            <param index="2">
              <value>
                <![CDATA[]]>
              </value>
            </param>
            <param index="3">
              <value>
                <![CDATA[]]>
              </value>
            </param>
            <param index="4">
              <value>
                <![CDATA[]]>
              </value>
            </param>
            <param index="5">
              <value>
                <![CDATA[All Field Empty]]>
              </value>
            </param>
            <param index="6">
              <value>
                <![CDATA[(Fields marked with Red asterix (*) are mandatory)]]>
              </value>
            </param>
          </params>
          <reporter-output>
          </reporter-output>
        </test-method> <!-- userRegistration -->
        <test-method is-config="true" signature="launchingbrowserandloadingURL(java.lang.String,java.lang.String)[pri:0, instance:test.TC_001Resgistration@fa4c865]" started-at="2025-04-02T20:21:50 IST" name="launchingbrowserandloadingURL" finished-at="2025-04-02T20:21:53 IST" duration-ms="3532" status="PASS">
          <params>
            <param index="0">
              <value>
                <![CDATA[https://adactinhotelapp.com/]]>
              </value>
            </param>
            <param index="1">
              <value>
                <![CDATA[Chrome]]>
              </value>
            </param>
          </params>
          <reporter-output>
          </reporter-output>
        </test-method> <!-- launchingbrowserandloadingURL -->
        <test-method signature="userRegistration(java.lang.String,java.lang.String,java.lang.String,java.lang.String,java.lang.String,java.lang.String,java.lang.String)[pri:0, instance:test.TC_001Resgistration@fa4c865]" started-at="2025-04-02T20:21:53 IST" name="userRegistration" data-provider="readdata" finished-at="2025-04-02T20:22:15 IST" duration-ms="21838" status="PASS">
          <params>
            <param index="0">
              <value>
                <![CDATA[Jeyasri Sanka]]>
              </value>
            </param>
            <param index="1">
              <value>
                <![CDATA[jeya123]]>
              </value>
            </param>
            <param index="2">
              <value>
                <![CDATA[jeya123]]>
              </value>
            </param>
            <param index="3">
              <value>
                <![CDATA[jeya]]>
              </value>
            </param>
            <param index="4">
              <value>
                <![CDATA[jeya336@kmail.com]]>
              </value>
            </param>
            <param index="5">
              <value>
                <![CDATA[Not Alpha Numeric]]>
              </value>
            </param>
            <param index="6">
              <value>
                <![CDATA[Only Alpha Numeric characters are allowed]]>
              </value>
            </param>
          </params>
          <reporter-output>
          </reporter-output>
        </test-method> <!-- userRegistration -->
        <test-method is-config="true" signature="reportClose()[pri:0, instance:test.TC_001Resgistration@fa4c865]" started-at="2025-04-02T20:28:09 IST" name="reportClose" finished-at="2025-04-02T20:28:10 IST" duration-ms="1111" status="PASS">
          <reporter-output>
          </reporter-output>
        </test-method> <!-- reportClose -->
      </class> <!-- test.TC_001Resgistration -->
    </test> <!-- Test -->
  </suite> <!-- Suite -->
</testng-results>
